### ISSUE TITLE
Hangs in MOZ_CRASH

### ISSUE THREAD

**Issue by legnaleurc** [mozilla/rr#1789]
kernel version: 4.7.2 (x86-64)
rr version: d3a9a2a8e8e7aa29426936f951b51a5c49dff049
gcc version: 6.2.0
gdb version: 7.11.1
m-c version: [8c9c4e816e86f903c1d820f3f29715dc070a5a4a](https://hg.mozilla.org/mozilla-central/file/8c9c4e816e86)

When it hits MOZ_CRASH in content process, rr, firefox and plugin-container are all hangs.
Backtrace in rr:
```
#0  0x00007f79146b5b7b in waitpid () from /lib/x86_64-linux-gnu/libpthread.so.0
#1  0x00000000004fdd56 in rr::Task::wait (this=this@entry=0x11a4610, interrupt_after_elapsed=interrupt_after_elapsed@entry=0) at /home/wcpan/local/src/rr/src/Task.cc:1144
#2  0x00000000004ffb77 in rr::Task::resume_execution (this=this@entry=0x11a4610, how=how@entry=rr::RESUME_SINGLESTEP, wait_how=wait_how@entry=rr::RESUME_WAIT, 
    tick_period=tick_period@entry=rr::RESUME_NO_TICKS, sig=sig@entry=11) at /home/wcpan/local/src/rr/src/Task.cc:915
#3  0x0000000000493353 in rr::inject_handled_signal (t=0x11a4610) at /home/wcpan/local/src/rr/src/RecordSession.cc:1038
#4  rr::RecordSession::signal_state_changed (this=this@entry=0x1128b50, t=t@entry=0x11a4610, step_state=step_state@entry=0x7ffc52d289d0)
    at /home/wcpan/local/src/rr/src/RecordSession.cc:1127
#5  0x000000000049679a in rr::RecordSession::record_step (this=0x1128b50) at /home/wcpan/local/src/rr/src/RecordSession.cc:1779
#6  0x000000000048d45e in rr::record (flags=..., args=...) at /home/wcpan/local/src/rr/src/RecordCommand.cc:296
#7  rr::RecordCommand::run (this=0x75d800 <rr::RecordCommand::singleton>, args=...) at /home/wcpan/local/src/rr/src/RecordCommand.cc:363
#8  0x0000000000430dff in main (argc=<optimized out>, argv=<optimized out>) at /home/wcpan/local/src/rr/src/main.cc:270
```

**Comment by legnaleurc** [comment]
The state of plugin-container is `D`, here is what shows in dmesg:

```
[  840.765477] INFO: task Web Content:12161 blocked for more than 120 seconds.
[  840.765481]       Tainted: P           OE   4.7.0-1-amd64 #1
[  840.765481] "echo 0 > /proc/sys/kernel/hung_task_timeout_secs" disables this message.
[  840.765482] Web Content     D ffff88041dd96d80     0 12161  12115 0x01010112
[  840.765485]  ffff8803ee49d140 ffff88040b6c4140 ffff88041dd9a590 ffffffffa7967127
[  840.765487]  ffff880409b18000 ffff880409b17bf0 ffff880409b17d08 ffff8803ee49d140
[  840.765488]  ffff8803d5beac00 ffff880409b17d28 ffffffffa7dd45c1 ffff880409b17d10
[  840.765490] Call Trace:
[  840.765494]  [<ffffffffa7967127>] ? __perf_event_task_sched_in+0x187/0x1a0
[  840.765497]  [<ffffffffa7dd45c1>] ? schedule+0x31/0x80
[  840.765499]  [<ffffffffa7dd76a2>] ? schedule_timeout+0x1b2/0x270
[  840.765502]  [<ffffffffa789db68>] ? finish_task_switch+0x148/0x1f0
[  840.765503]  [<ffffffffa7dd40b9>] ? __schedule+0x289/0x760
[  840.765505]  [<ffffffffa78a0994>] ? ttwu_do_wakeup+0x14/0xe0
[  840.765506]  [<ffffffffa7dd5001>] ? wait_for_completion+0xf1/0x130
[  840.765508]  [<ffffffffa78a18c0>] ? wake_up_q+0x60/0x60
[  840.765511]  [<ffffffffa7a547af>] ? do_coredump+0x33f/0xea0
[  840.765512]  [<ffffffffa7967127>] ? __perf_event_task_sched_in+0x187/0x1a0
[  840.765515]  [<ffffffffa7835a65>] ? __switch_to_xtra+0xc5/0x180
[  840.765516]  [<ffffffffa789db68>] ? finish_task_switch+0x148/0x1f0
[  840.765520]  [<ffffffffa7887a18>] ? get_signal+0x288/0x620
[  840.765522]  [<ffffffffa782b336>] ? do_signal+0x36/0x6f0
[  840.765524]  [<ffffffffa788549a>] ? signal_wake_up_state+0x1a/0x30
[  840.765525]  [<ffffffffa7885cbd>] ? __send_signal+0x1bd/0x420
[  840.765528]  [<ffffffffa78032e5>] ? exit_to_usermode_loop+0x85/0xc0
[  840.765530]  [<ffffffffa7803b81>] ? prepare_exit_to_usermode+0x21/0x30
[  840.765532]  [<ffffffffa7dd8e65>] ? retint_user+0x8/0x10
[  960.764865] INFO: task Web Content:12161 blocked for more than 120 seconds.
[  960.764868]       Tainted: P           OE   4.7.0-1-amd64 #1
[  960.764869] "echo 0 > /proc/sys/kernel/hung_task_timeout_secs" disables this message.
[  960.764870] Web Content     D ffff88041dd96d80     0 12161  12115 0x01010112
[  960.764873]  ffff8803ee49d140 ffff88040b6c4140 ffff88041dd9a590 ffffffffa7967127
[  960.764874]  ffff880409b18000 ffff880409b17bf0 ffff880409b17d08 ffff8803ee49d140
[  960.764876]  ffff8803d5beac00 ffff880409b17d28 ffffffffa7dd45c1 ffff880409b17d10
[  960.764877] Call Trace:
[  960.764881]  [<ffffffffa7967127>] ? __perf_event_task_sched_in+0x187/0x1a0
[  960.764884]  [<ffffffffa7dd45c1>] ? schedule+0x31/0x80
[  960.764886]  [<ffffffffa7dd76a2>] ? schedule_timeout+0x1b2/0x270
[  960.764889]  [<ffffffffa789db68>] ? finish_task_switch+0x148/0x1f0
[  960.764890]  [<ffffffffa7dd40b9>] ? __schedule+0x289/0x760
[  960.764892]  [<ffffffffa78a0994>] ? ttwu_do_wakeup+0x14/0xe0
[  960.764894]  [<ffffffffa7dd5001>] ? wait_for_completion+0xf1/0x130
[  960.764895]  [<ffffffffa78a18c0>] ? wake_up_q+0x60/0x60
[  960.764898]  [<ffffffffa7a547af>] ? do_coredump+0x33f/0xea0
[  960.764899]  [<ffffffffa7967127>] ? __perf_event_task_sched_in+0x187/0x1a0
[  960.764902]  [<ffffffffa7835a65>] ? __switch_to_xtra+0xc5/0x180
[  960.764903]  [<ffffffffa789db68>] ? finish_task_switch+0x148/0x1f0
[  960.764907]  [<ffffffffa7887a18>] ? get_signal+0x288/0x620
[  960.764909]  [<ffffffffa782b336>] ? do_signal+0x36/0x6f0
[  960.764911]  [<ffffffffa788549a>] ? signal_wake_up_state+0x1a/0x30
[  960.764912]  [<ffffffffa7885cbd>] ? __send_signal+0x1bd/0x420
[  960.764915]  [<ffffffffa78032e5>] ? exit_to_usermode_loop+0x85/0xc0
[  960.764917]  [<ffffffffa7803b81>] ? prepare_exit_to_usermode+0x21/0x30
[  960.764919]  [<ffffffffa7dd8e65>] ? retint_user+0x8/0x10
[ 1080.764255] INFO: task Web Content:12161 blocked for more than 120 seconds.
[ 1080.764258]       Tainted: P           OE   4.7.0-1-amd64 #1
[ 1080.764259] "echo 0 > /proc/sys/kernel/hung_task_timeout_secs" disables this message.
[ 1080.764260] Web Content     D ffff88041dd96d80     0 12161  12115 0x01010112
[ 1080.764262]  ffff8803ee49d140 ffff88040b6c4140 ffff88041dd9a590 ffffffffa7967127
[ 1080.764264]  ffff880409b18000 ffff880409b17bf0 ffff880409b17d08 ffff8803ee49d140
[ 1080.764265]  ffff8803d5beac00 ffff880409b17d28 ffffffffa7dd45c1 ffff880409b17d10
[ 1080.764267] Call Trace:
[ 1080.764271]  [<ffffffffa7967127>] ? __perf_event_task_sched_in+0x187/0x1a0
[ 1080.764274]  [<ffffffffa7dd45c1>] ? schedule+0x31/0x80
[ 1080.764276]  [<ffffffffa7dd76a2>] ? schedule_timeout+0x1b2/0x270
[ 1080.764278]  [<ffffffffa789db68>] ? finish_task_switch+0x148/0x1f0
[ 1080.764280]  [<ffffffffa7dd40b9>] ? __schedule+0x289/0x760
[ 1080.764282]  [<ffffffffa78a0994>] ? ttwu_do_wakeup+0x14/0xe0
[ 1080.764283]  [<ffffffffa7dd5001>] ? wait_for_completion+0xf1/0x130
[ 1080.764285]  [<ffffffffa78a18c0>] ? wake_up_q+0x60/0x60
[ 1080.764288]  [<ffffffffa7a547af>] ? do_coredump+0x33f/0xea0
[ 1080.764289]  [<ffffffffa7967127>] ? __perf_event_task_sched_in+0x187/0x1a0
[ 1080.764292]  [<ffffffffa7835a65>] ? __switch_to_xtra+0xc5/0x180
[ 1080.764293]  [<ffffffffa789db68>] ? finish_task_switch+0x148/0x1f0
[ 1080.764297]  [<ffffffffa7887a18>] ? get_signal+0x288/0x620
[ 1080.764299]  [<ffffffffa782b336>] ? do_signal+0x36/0x6f0
[ 1080.764300]  [<ffffffffa788549a>] ? signal_wake_up_state+0x1a/0x30
[ 1080.764302]  [<ffffffffa7885cbd>] ? __send_signal+0x1bd/0x420
[ 1080.764305]  [<ffffffffa78032e5>] ? exit_to_usermode_loop+0x85/0xc0
[ 1080.764306]  [<ffffffffa7803b81>] ? prepare_exit_to_usermode+0x21/0x30
[ 1080.764308]  [<ffffffffa7dd8e65>] ? retint_user+0x8/0x10
[ 1200.763650] INFO: task Web Content:12161 blocked for more than 120 seconds.
[ 1200.763653]       Tainted: P           OE   4.7.0-1-amd64 #1
[ 1200.763654] "echo 0 > /proc/sys/kernel/hung_task_timeout_secs" disables this message.
[ 1200.763655] Web Content     D ffff88041dd96d80     0 12161  12115 0x01010112
[ 1200.763657]  ffff8803ee49d140 ffff88040b6c4140 ffff88041dd9a590 ffffffffa7967127
[ 1200.763659]  ffff880409b18000 ffff880409b17bf0 ffff880409b17d08 ffff8803ee49d140
[ 1200.763660]  ffff8803d5beac00 ffff880409b17d28 ffffffffa7dd45c1 ffff880409b17d10
[ 1200.763661] Call Trace:
[ 1200.763665]  [<ffffffffa7967127>] ? __perf_event_task_sched_in+0x187/0x1a0
[ 1200.763668]  [<ffffffffa7dd45c1>] ? schedule+0x31/0x80
[ 1200.763670]  [<ffffffffa7dd76a2>] ? schedule_timeout+0x1b2/0x270
[ 1200.763673]  [<ffffffffa789db68>] ? finish_task_switch+0x148/0x1f0
[ 1200.763674]  [<ffffffffa7dd40b9>] ? __schedule+0x289/0x760
[ 1200.763675]  [<ffffffffa78a0994>] ? ttwu_do_wakeup+0x14/0xe0
[ 1200.763677]  [<ffffffffa7dd5001>] ? wait_for_completion+0xf1/0x130
[ 1200.763678]  [<ffffffffa78a18c0>] ? wake_up_q+0x60/0x60
[ 1200.763681]  [<ffffffffa7a547af>] ? do_coredump+0x33f/0xea0
[ 1200.763682]  [<ffffffffa7967127>] ? __perf_event_task_sched_in+0x187/0x1a0
[ 1200.763685]  [<ffffffffa7835a65>] ? __switch_to_xtra+0xc5/0x180
[ 1200.763686]  [<ffffffffa789db68>] ? finish_task_switch+0x148/0x1f0
[ 1200.763690]  [<ffffffffa7887a18>] ? get_signal+0x288/0x620
[ 1200.763692]  [<ffffffffa782b336>] ? do_signal+0x36/0x6f0
[ 1200.763694]  [<ffffffffa788549a>] ? signal_wake_up_state+0x1a/0x30
[ 1200.763695]  [<ffffffffa7885cbd>] ? __send_signal+0x1bd/0x420
[ 1200.763698]  [<ffffffffa78032e5>] ? exit_to_usermode_loop+0x85/0xc0
[ 1200.763699]  [<ffffffffa7803b81>] ? prepare_exit_to_usermode+0x21/0x30
[ 1200.763701]  [<ffffffffa7dd8e65>] ? retint_user+0x8/0x10
[ 1320.763033] INFO: task Web Content:12161 blocked for more than 120 seconds.
[ 1320.763036]       Tainted: P           OE   4.7.0-1-amd64 #1
[ 1320.763037] "echo 0 > /proc/sys/kernel/hung_task_timeout_secs" disables this message.
[ 1320.763038] Web Content     D ffff88041dd96d80     0 12161  12115 0x01010112
[ 1320.763041]  ffff8803ee49d140 ffff88040b6c4140 ffff88041dd9a590 ffffffffa7967127
[ 1320.763042]  ffff880409b18000 ffff880409b17bf0 ffff880409b17d08 ffff8803ee49d140
[ 1320.763043]  ffff8803d5beac00 ffff880409b17d28 ffffffffa7dd45c1 ffff880409b17d10
[ 1320.763044] Call Trace:
[ 1320.763049]  [<ffffffffa7967127>] ? __perf_event_task_sched_in+0x187/0x1a0
[ 1320.763052]  [<ffffffffa7dd45c1>] ? schedule+0x31/0x80
[ 1320.763054]  [<ffffffffa7dd76a2>] ? schedule_timeout+0x1b2/0x270
[ 1320.763056]  [<ffffffffa789db68>] ? finish_task_switch+0x148/0x1f0
[ 1320.763057]  [<ffffffffa7dd40b9>] ? __schedule+0x289/0x760
[ 1320.763059]  [<ffffffffa78a0994>] ? ttwu_do_wakeup+0x14/0xe0
[ 1320.763060]  [<ffffffffa7dd5001>] ? wait_for_completion+0xf1/0x130
[ 1320.763062]  [<ffffffffa78a18c0>] ? wake_up_q+0x60/0x60
[ 1320.763065]  [<ffffffffa7a547af>] ? do_coredump+0x33f/0xea0
[ 1320.763066]  [<ffffffffa7967127>] ? __perf_event_task_sched_in+0x187/0x1a0
[ 1320.763069]  [<ffffffffa7835a65>] ? __switch_to_xtra+0xc5/0x180
[ 1320.763070]  [<ffffffffa789db68>] ? finish_task_switch+0x148/0x1f0
[ 1320.763073]  [<ffffffffa7887a18>] ? get_signal+0x288/0x620
[ 1320.763075]  [<ffffffffa782b336>] ? do_signal+0x36/0x6f0
[ 1320.763077]  [<ffffffffa788549a>] ? signal_wake_up_state+0x1a/0x30
[ 1320.763078]  [<ffffffffa7885cbd>] ? __send_signal+0x1bd/0x420
[ 1320.763081]  [<ffffffffa78032e5>] ? exit_to_usermode_loop+0x85/0xc0
[ 1320.763083]  [<ffffffffa7803b81>] ? prepare_exit_to_usermode+0x21/0x30
[ 1320.763085]  [<ffffffffa7dd8e65>] ? retint_user+0x8/0x10
[ 1440.762427] INFO: task Web Content:12161 blocked for more than 120 seconds.
[ 1440.762430]       Tainted: P           OE   4.7.0-1-amd64 #1
[ 1440.762431] "echo 0 > /proc/sys/kernel/hung_task_timeout_secs" disables this message.
[ 1440.762432] Web Content     D ffff88041dd96d80     0 12161  12115 0x01010112
[ 1440.762434]  ffff8803ee49d140 ffff88040b6c4140 ffff88041dd9a590 ffffffffa7967127
[ 1440.762435]  ffff880409b18000 ffff880409b17bf0 ffff880409b17d08 ffff8803ee49d140
[ 1440.762437]  ffff8803d5beac00 ffff880409b17d28 ffffffffa7dd45c1 ffff880409b17d10
[ 1440.762438] Call Trace:
[ 1440.762442]  [<ffffffffa7967127>] ? __perf_event_task_sched_in+0x187/0x1a0
[ 1440.762445]  [<ffffffffa7dd45c1>] ? schedule+0x31/0x80
[ 1440.762447]  [<ffffffffa7dd76a2>] ? schedule_timeout+0x1b2/0x270
[ 1440.762450]  [<ffffffffa789db68>] ? finish_task_switch+0x148/0x1f0
[ 1440.762451]  [<ffffffffa7dd40b9>] ? __schedule+0x289/0x760
[ 1440.762452]  [<ffffffffa78a0994>] ? ttwu_do_wakeup+0x14/0xe0
[ 1440.762454]  [<ffffffffa7dd5001>] ? wait_for_completion+0xf1/0x130
[ 1440.762455]  [<ffffffffa78a18c0>] ? wake_up_q+0x60/0x60
[ 1440.762458]  [<ffffffffa7a547af>] ? do_coredump+0x33f/0xea0
[ 1440.762459]  [<ffffffffa7967127>] ? __perf_event_task_sched_in+0x187/0x1a0
[ 1440.762462]  [<ffffffffa7835a65>] ? __switch_to_xtra+0xc5/0x180
[ 1440.762463]  [<ffffffffa789db68>] ? finish_task_switch+0x148/0x1f0
[ 1440.762467]  [<ffffffffa7887a18>] ? get_signal+0x288/0x620
[ 1440.762469]  [<ffffffffa782b336>] ? do_signal+0x36/0x6f0
[ 1440.762470]  [<ffffffffa788549a>] ? signal_wake_up_state+0x1a/0x30
[ 1440.762472]  [<ffffffffa7885cbd>] ? __send_signal+0x1bd/0x420
[ 1440.762475]  [<ffffffffa78032e5>] ? exit_to_usermode_loop+0x85/0xc0
[ 1440.762477]  [<ffffffffa7803b81>] ? prepare_exit_to_usermode+0x21/0x30
[ 1440.762479]  [<ffffffffa7dd8e65>] ? retint_user+0x8/0x10
[ 1560.761814] INFO: task Web Content:12161 blocked for more than 120 seconds.
[ 1560.761817]       Tainted: P           OE   4.7.0-1-amd64 #1
[ 1560.761817] "echo 0 > /proc/sys/kernel/hung_task_timeout_secs" disables this message.
[ 1560.761818] Web Content     D ffff88041dd96d80     0 12161  12115 0x01010112
[ 1560.761821]  ffff8803ee49d140 ffff88040b6c4140 ffff88041dd9a590 ffffffffa7967127
[ 1560.761823]  ffff880409b18000 ffff880409b17bf0 ffff880409b17d08 ffff8803ee49d140
[ 1560.761824]  ffff8803d5beac00 ffff880409b17d28 ffffffffa7dd45c1 ffff880409b17d10
[ 1560.761825] Call Trace:
[ 1560.761830]  [<ffffffffa7967127>] ? __perf_event_task_sched_in+0x187/0x1a0
[ 1560.761832]  [<ffffffffa7dd45c1>] ? schedule+0x31/0x80
[ 1560.761834]  [<ffffffffa7dd76a2>] ? schedule_timeout+0x1b2/0x270
[ 1560.761837]  [<ffffffffa789db68>] ? finish_task_switch+0x148/0x1f0
[ 1560.761838]  [<ffffffffa7dd40b9>] ? __schedule+0x289/0x760
[ 1560.761840]  [<ffffffffa78a0994>] ? ttwu_do_wakeup+0x14/0xe0
[ 1560.761841]  [<ffffffffa7dd5001>] ? wait_for_completion+0xf1/0x130
[ 1560.761842]  [<ffffffffa78a18c0>] ? wake_up_q+0x60/0x60
[ 1560.761845]  [<ffffffffa7a547af>] ? do_coredump+0x33f/0xea0
[ 1560.761846]  [<ffffffffa7967127>] ? __perf_event_task_sched_in+0x187/0x1a0
[ 1560.761849]  [<ffffffffa7835a65>] ? __switch_to_xtra+0xc5/0x180
[ 1560.761851]  [<ffffffffa789db68>] ? finish_task_switch+0x148/0x1f0
[ 1560.761854]  [<ffffffffa7887a18>] ? get_signal+0x288/0x620
[ 1560.761856]  [<ffffffffa782b336>] ? do_signal+0x36/0x6f0
[ 1560.761858]  [<ffffffffa788549a>] ? signal_wake_up_state+0x1a/0x30
[ 1560.761859]  [<ffffffffa7885cbd>] ? __send_signal+0x1bd/0x420
[ 1560.761862]  [<ffffffffa78032e5>] ? exit_to_usermode_loop+0x85/0xc0
[ 1560.761863]  [<ffffffffa7803b81>] ? prepare_exit_to_usermode+0x21/0x30
[ 1560.761865]  [<ffffffffa7dd8e65>] ? retint_user+0x8/0x10
[ 1680.761204] INFO: task Web Content:12161 blocked for more than 120 seconds.
[ 1680.761207]       Tainted: P           OE   4.7.0-1-amd64 #1
[ 1680.761208] "echo 0 > /proc/sys/kernel/hung_task_timeout_secs" disables this message.
[ 1680.761209] Web Content     D ffff88041dd96d80     0 12161  12115 0x01010112
[ 1680.761212]  ffff8803ee49d140 ffff88040b6c4140 ffff88041dd9a590 ffffffffa7967127
[ 1680.761214]  ffff880409b18000 ffff880409b17bf0 ffff880409b17d08 ffff8803ee49d140
[ 1680.761215]  ffff8803d5beac00 ffff880409b17d28 ffffffffa7dd45c1 ffff880409b17d10
[ 1680.761217] Call Trace:
[ 1680.761221]  [<ffffffffa7967127>] ? __perf_event_task_sched_in+0x187/0x1a0
[ 1680.761224]  [<ffffffffa7dd45c1>] ? schedule+0x31/0x80
[ 1680.761226]  [<ffffffffa7dd76a2>] ? schedule_timeout+0x1b2/0x270
[ 1680.761229]  [<ffffffffa789db68>] ? finish_task_switch+0x148/0x1f0
[ 1680.761230]  [<ffffffffa7dd40b9>] ? __schedule+0x289/0x760
[ 1680.761232]  [<ffffffffa78a0994>] ? ttwu_do_wakeup+0x14/0xe0
[ 1680.761234]  [<ffffffffa7dd5001>] ? wait_for_completion+0xf1/0x130
[ 1680.761235]  [<ffffffffa78a18c0>] ? wake_up_q+0x60/0x60
[ 1680.761238]  [<ffffffffa7a547af>] ? do_coredump+0x33f/0xea0
[ 1680.761239]  [<ffffffffa7967127>] ? __perf_event_task_sched_in+0x187/0x1a0
[ 1680.761242]  [<ffffffffa7835a65>] ? __switch_to_xtra+0xc5/0x180
[ 1680.761244]  [<ffffffffa789db68>] ? finish_task_switch+0x148/0x1f0
[ 1680.761248]  [<ffffffffa7887a18>] ? get_signal+0x288/0x620
[ 1680.761250]  [<ffffffffa782b336>] ? do_signal+0x36/0x6f0
[ 1680.761251]  [<ffffffffa788549a>] ? signal_wake_up_state+0x1a/0x30
[ 1680.761253]  [<ffffffffa7885cbd>] ? __send_signal+0x1bd/0x420
[ 1680.761256]  [<ffffffffa78032e5>] ? exit_to_usermode_loop+0x85/0xc0
[ 1680.761257]  [<ffffffffa7803b81>] ? prepare_exit_to_usermode+0x21/0x30
[ 1680.761259]  [<ffffffffa7dd8e65>] ? retint_user+0x8/0x10
[ 1800.760599] INFO: task Web Content:12161 blocked for more than 120 seconds.
[ 1800.760602]       Tainted: P           OE   4.7.0-1-amd64 #1
[ 1800.760603] "echo 0 > /proc/sys/kernel/hung_task_timeout_secs" disables this message.
[ 1800.760604] Web Content     D ffff88041dd96d80     0 12161  12115 0x01010112
[ 1800.760607]  ffff8803ee49d140 ffff88040b6c4140 ffff88041dd9a590 ffffffffa7967127
[ 1800.760608]  ffff880409b18000 ffff880409b17bf0 ffff880409b17d08 ffff8803ee49d140
[ 1800.760609]  ffff8803d5beac00 ffff880409b17d28 ffffffffa7dd45c1 ffff880409b17d10
[ 1800.760611] Call Trace:
[ 1800.760615]  [<ffffffffa7967127>] ? __perf_event_task_sched_in+0x187/0x1a0
[ 1800.760618]  [<ffffffffa7dd45c1>] ? schedule+0x31/0x80
[ 1800.760620]  [<ffffffffa7dd76a2>] ? schedule_timeout+0x1b2/0x270
[ 1800.760623]  [<ffffffffa789db68>] ? finish_task_switch+0x148/0x1f0
[ 1800.760625]  [<ffffffffa7dd40b9>] ? __schedule+0x289/0x760
[ 1800.760626]  [<ffffffffa78a0994>] ? ttwu_do_wakeup+0x14/0xe0
[ 1800.760628]  [<ffffffffa7dd5001>] ? wait_for_completion+0xf1/0x130
[ 1800.760629]  [<ffffffffa78a18c0>] ? wake_up_q+0x60/0x60
[ 1800.760633]  [<ffffffffa7a547af>] ? do_coredump+0x33f/0xea0
[ 1800.760634]  [<ffffffffa7967127>] ? __perf_event_task_sched_in+0x187/0x1a0
[ 1800.760637]  [<ffffffffa7835a65>] ? __switch_to_xtra+0xc5/0x180
[ 1800.760638]  [<ffffffffa789db68>] ? finish_task_switch+0x148/0x1f0
[ 1800.760642]  [<ffffffffa7887a18>] ? get_signal+0x288/0x620
[ 1800.760644]  [<ffffffffa782b336>] ? do_signal+0x36/0x6f0
[ 1800.760645]  [<ffffffffa788549a>] ? signal_wake_up_state+0x1a/0x30
[ 1800.760646]  [<ffffffffa7885cbd>] ? __send_signal+0x1bd/0x420
[ 1800.760650]  [<ffffffffa78032e5>] ? exit_to_usermode_loop+0x85/0xc0
[ 1800.760651]  [<ffffffffa7803b81>] ? prepare_exit_to_usermode+0x21/0x30
[ 1800.760653]  [<ffffffffa7dd8e65>] ? retint_user+0x8/0x10
[ 1920.759986] INFO: task Web Content:12161 blocked for more than 120 seconds.
[ 1920.759989]       Tainted: P           OE   4.7.0-1-amd64 #1
[ 1920.759990] "echo 0 > /proc/sys/kernel/hung_task_timeout_secs" disables this message.
[ 1920.759991] Web Content     D ffff88041dd96d80     0 12161  12115 0x01010112
[ 1920.759993]  ffff8803ee49d140 ffff88040b6c4140 ffff88041dd9a590 ffffffffa7967127
[ 1920.759995]  ffff880409b18000 ffff880409b17bf0 ffff880409b17d08 ffff8803ee49d140
[ 1920.759996]  ffff8803d5beac00 ffff880409b17d28 ffffffffa7dd45c1 ffff880409b17d10
[ 1920.759998] Call Trace:
[ 1920.760002]  [<ffffffffa7967127>] ? __perf_event_task_sched_in+0x187/0x1a0
[ 1920.760005]  [<ffffffffa7dd45c1>] ? schedule+0x31/0x80
[ 1920.760007]  [<ffffffffa7dd76a2>] ? schedule_timeout+0x1b2/0x270
[ 1920.760010]  [<ffffffffa789db68>] ? finish_task_switch+0x148/0x1f0
[ 1920.760011]  [<ffffffffa7dd40b9>] ? __schedule+0x289/0x760
[ 1920.760013]  [<ffffffffa78a0994>] ? ttwu_do_wakeup+0x14/0xe0
[ 1920.760014]  [<ffffffffa7dd5001>] ? wait_for_completion+0xf1/0x130
[ 1920.760016]  [<ffffffffa78a18c0>] ? wake_up_q+0x60/0x60
[ 1920.760019]  [<ffffffffa7a547af>] ? do_coredump+0x33f/0xea0
[ 1920.760020]  [<ffffffffa7967127>] ? __perf_event_task_sched_in+0x187/0x1a0
[ 1920.760023]  [<ffffffffa7835a65>] ? __switch_to_xtra+0xc5/0x180
[ 1920.760024]  [<ffffffffa789db68>] ? finish_task_switch+0x148/0x1f0
[ 1920.760028]  [<ffffffffa7887a18>] ? get_signal+0x288/0x620
[ 1920.760030]  [<ffffffffa782b336>] ? do_signal+0x36/0x6f0
[ 1920.760032]  [<ffffffffa788549a>] ? signal_wake_up_state+0x1a/0x30
[ 1920.760033]  [<ffffffffa7885cbd>] ? __send_signal+0x1bd/0x420
[ 1920.760036]  [<ffffffffa78032e5>] ? exit_to_usermode_loop+0x85/0xc0
[ 1920.760038]  [<ffffffffa7803b81>] ? prepare_exit_to_usermode+0x21/0x30
[ 1920.760040]  [<ffffffffa7dd8e65>] ? retint_user+0x8/0x10
```

**Comment by rocallahan** [comment]
That looks like a bad kernel bug!

What's your CPU?

I guess the key question is why `__perf_event_task_sched_in` called `do_coredump`. Are you able to figure out where that call came from? Need to disassemble your kernel and find out what offset `0x1a0` is...

**Comment by rocallahan** [comment]
I mean offset `0x187` in `__perf_event_task_sched_in`

**Comment by legnaleurc** [comment]
```
(gdb) disass __perf_event_task_sched_in
Dump of assembler code for function __perf_event_task_sched_in:
   0xffffffff81166fa0 <+0>:     push   %r15
   0xffffffff81166fa2 <+2>:     push   %r14
   0xffffffff81166fa4 <+4>:     mov    %rdi,%r14
   0xffffffff81166fa7 <+7>:     push   %r13
   0xffffffff81166fa9 <+9>:     push   %r12
   0xffffffff81166fab <+11>:    mov    %rsi,%r12
   0xffffffff81166fae <+14>:    push   %rbp
   0xffffffff81166faf <+15>:    push   %rbx
   0xffffffff81166fb0 <+16>:    sub    $0x28,%rsp
   0xffffffff81166fb4 <+20>:    mov    %gs:0x28,%rax
   0xffffffff81166fbd <+29>:    mov    %rax,0x20(%rsp)
   0xffffffff81166fc2 <+34>:    xor    %eax,%eax
   0xffffffff81166fc4 <+36>:    mov    $0x1273c,%rax
   0xffffffff81166fcb <+43>:    add    %gs:0x7eea321d(%rip),%rax        # 0xa1f0 <this_cpu_off>
   0xffffffff81166fd3 <+51>:    mov    (%rax),%eax
   0xffffffff81166fd5 <+53>:    test   %eax,%eax
   0xffffffff81166fd7 <+55>:    je     0xffffffff81167004 <__perf_event_task_sched_in+100>
   0xffffffff81166fd9 <+57>:    mov    0x7f8(%rsi),%rdx
   0xffffffff81166fe0 <+64>:    mov    0x7f8(%rdi),%rax
   0xffffffff81166fe7 <+71>:    mov    0x90(%rax),%rax
   0xffffffff81166fee <+78>:    cmp    %rax,0x90(%rdx)
   0xffffffff81166ff5 <+85>:    je     0xffffffff81167004 <__perf_event_task_sched_in+100>
   0xffffffff81166ff7 <+87>:    mov    $0x2,%esi
   0xffffffff81166ffc <+92>:    mov    %r12,%rdi
   0xffffffff81166fff <+95>:    callq  0xffffffff81165050 <perf_cgroup_switch>
   0xffffffff81167004 <+100>:   lea    0x838(%r12),%rbx
   0xffffffff8116700c <+108>:   lea    0x848(%r12),%r13
   0xffffffff81167014 <+116>:   mov    (%rbx),%rbp
   0xffffffff81167017 <+119>:   test   %rbp,%rbp
   0xffffffff8116701a <+122>:   jne    0xffffffff81167099 <__perf_event_task_sched_in+249>
   0xffffffff8116701c <+124>:   add    $0x8,%rbx
   0xffffffff81167020 <+128>:   cmp    %r13,%rbx
   0xffffffff81167023 <+131>:   jne    0xffffffff81167014 <__perf_event_task_sched_in+116>
   0xffffffff81167025 <+133>:   mov    0x9a3811(%rip),%eax        # 0xffffffff81b0a83c <nr_switch_events>
   0xffffffff8116702b <+139>:   test   %eax,%eax
   0xffffffff8116702d <+141>:   jne    0xffffffff8116706d <__perf_event_task_sched_in+205>
   0xffffffff8116702f <+143>:   mov    %gs:0x7eeab702(%rip),%eax        # 0x12738 <perf_sched_cb_usages>
   0xffffffff81167036 <+150>:   test   %eax,%eax
   0xffffffff81167038 <+152>:   je     0xffffffff8116704a <__perf_event_task_sched_in+170>
   0xffffffff8116703a <+154>:   mov    $0x1,%edx
   0xffffffff8116703f <+159>:   mov    %r12,%rsi
   0xffffffff81167042 <+162>:   mov    %r14,%rdi
   0xffffffff81167045 <+165>:   callq  0xffffffff81163660 <perf_pmu_sched_task>
   0xffffffff8116704a <+170>:   mov    0x20(%rsp),%rax
   0xffffffff8116704f <+175>:   xor    %gs:0x28,%rax
   0xffffffff81167058 <+184>:   jne    0xffffffff8116713a <__perf_event_task_sched_in+410>
   0xffffffff8116705e <+190>:   add    $0x28,%rsp
   0xffffffff81167062 <+194>:   pop    %rbx
   0xffffffff81167063 <+195>:   pop    %rbp
   0xffffffff81167064 <+196>:   pop    %r12
   0xffffffff81167066 <+198>:   pop    %r13
   0xffffffff81167068 <+200>:   pop    %r14
   0xffffffff8116706a <+202>:   pop    %r15
   0xffffffff8116706c <+204>:   retq   
   0xffffffff8116706d <+205>:   mov    %rsp,%rsi
   0xffffffff81167070 <+208>:   mov    $0xffffffff8115f7c0,%rdi
   0xffffffff81167077 <+215>:   movq   $0x0,0x10(%rsp)
   0xffffffff81167080 <+224>:   movq   $0x0,0x18(%rsp)
   0xffffffff81167089 <+233>:   mov    %r12,(%rsp)
   0xffffffff8116708d <+237>:   mov    %r14,0x8(%rsp)
   0xffffffff81167092 <+242>:   callq  0xffffffff81162410 <perf_event_aux>
   0xffffffff81167097 <+247>:   jmp    0xffffffff8116702f <__perf_event_task_sched_in+143>
   0xffffffff81167099 <+249>:   mov    0x0(%rbp),%rax
   0xffffffff8116709d <+253>:   mov    0x40(%rax),%r15
   0xffffffff811670a1 <+257>:   add    %gs:0x7eea3147(%rip),%r15        # 0xa1f0 <this_cpu_off>
   0xffffffff811670a9 <+265>:   cmp    0xe8(%r15),%rbp
   0xffffffff811670b0 <+272>:   je     0xffffffff8116701c <__perf_event_task_sched_in+124>
   0xffffffff811670b6 <+278>:   lea    0x8(%r15),%rdi
   0xffffffff811670ba <+282>:   callq  0xffffffff815d8360 <_raw_spin_lock>
   0xffffffff811670bf <+287>:   lea    0x8(%rbp),%rdi
   0xffffffff811670c3 <+291>:   callq  0xffffffff815d8360 <_raw_spin_lock>
   0xffffffff811670c8 <+296>:   mov    0x0(%rbp),%rdi
   0xffffffff811670cc <+300>:   mov    0x38(%rdi),%rax
   0xffffffff811670d0 <+304>:   add    %gs:0x7eea3118(%rip),%rax        # 0xa1f0 <this_cpu_off>
   0xffffffff811670d8 <+312>:   mov    (%rax),%edx
   0xffffffff811670da <+314>:   lea    0x1(%rdx),%ecx
   0xffffffff811670dd <+317>:   test   %edx,%edx
   0xffffffff811670df <+319>:   mov    %ecx,(%rax)
   0xffffffff811670e1 <+321>:   je     0xffffffff8116712c <__perf_event_task_sched_in+396>
   0xffffffff811670e3 <+323>:   mov    %r15,%rsi
   0xffffffff811670e6 <+326>:   mov    %r15,%rdi
   0xffffffff811670e9 <+329>:   mov    $0x1,%edx
   0xffffffff811670ee <+334>:   callq  0xffffffff81163dd0 <ctx_sched_out>
   0xffffffff811670f3 <+339>:   mov    %r15,%rdi
   0xffffffff811670f6 <+342>:   mov    %r12,%rdx
   0xffffffff811670f9 <+345>:   mov    %rbp,%rsi
   0xffffffff811670fc <+348>:   callq  0xffffffff81164980 <perf_event_sched_in>
   0xffffffff81167101 <+353>:   mov    0x0(%rbp),%rdi
   0xffffffff81167105 <+357>:   mov    0x38(%rdi),%rax
   0xffffffff81167109 <+361>:   add    %gs:0x7eea30df(%rip),%rax        # 0xa1f0 <this_cpu_off>
   0xffffffff81167111 <+369>:   mov    (%rax),%ecx
   0xffffffff81167113 <+371>:   lea    -0x1(%rcx),%edx
   0xffffffff81167116 <+374>:   test   %edx,%edx
   0xffffffff81167118 <+376>:   mov    %edx,(%rax)
   0xffffffff8116711a <+378>:   je     0xffffffff81167133 <__perf_event_task_sched_in+403>
   0xffffffff8116711c <+380>:   mov    %rbp,%rsi
   0xffffffff8116711f <+383>:   mov    %r15,%rdi
   0xffffffff81167122 <+386>:   callq  0xffffffff8115ea50 <perf_ctx_unlock>
   0xffffffff81167127 <+391>:   jmpq   0xffffffff8116701c <__perf_event_task_sched_in+124>
   0xffffffff8116712c <+396>:   callq  0xffffffff81161860 <perf_pmu_disable>
   0xffffffff81167131 <+401>:   jmp    0xffffffff811670e3 <__perf_event_task_sched_in+323>
   0xffffffff81167133 <+403>:   callq  0xffffffff811618a0 <perf_pmu_enable>
   0xffffffff81167138 <+408>:   jmp    0xffffffff8116711c <__perf_event_task_sched_in+380>
   0xffffffff8116713a <+410>:   callq  0xffffffff810786b0 <__stack_chk_fail>
```

I'm using Debian's `linux-image-4.7.0-1-amd64`, and I don't see any patches modified this function, so I think it's the same with the upstream.

**Comment by legnaleurc** [comment]
cat /proc/cpuinfo

```
processor       : 0
vendor_id       : GenuineIntel
cpu family      : 6
model           : 60
model name      : Intel(R) Core(TM) i7-4790 CPU @ 3.60GHz
stepping        : 3
microcode       : 0x16
cpu MHz         : 3915.747
cache size      : 8192 KB
physical id     : 0
siblings        : 8
core id         : 0
cpu cores       : 4
apicid          : 0
initial apicid  : 0
fpu             : yes
fpu_exception   : yes
cpuid level     : 13
wp              : yes
flags           : fpu vme de pse tsc msr pae mce cx8 apic sep mtrr pge mca cmov pat pse36 clflush dts acpi mmx fxsr sse sse2 ss ht tm pbe syscall nx pdpe1gb rdtscp lm constant_tsc arch_perfmon pebs bts rep_good nopl xtopology nonstop_tsc aperfmperf eagerfpu pni pclmulqdq dtes64 monitor ds_cpl vmx smx est tm2 ssse3 sdbg fma cx16 xtpr pdcm pcid sse4_1 sse4_2 x2apic movbe popcnt tsc_deadline_timer aes xsave avx f16c rdrand lahf_lm abm epb tpr_shadow vnmi flexpriority ept vpid fsgsbase tsc_adjust bmi1 hle avx2 smep bmi2 erms invpcid rtm xsaveopt dtherm ida arat pln pts
bugs            :
bogomips        : 7183.40
clflush size    : 64
cache_alignment : 64
address sizes   : 39 bits physical, 48 bits virtual
power management:
```

**Comment by rocallahan** [comment]
I don't understand how to read that stack dump in conjunction with this disassembly. The function doesn't call `do_coredump` and `0x187` is not on an instruction boundary :-(. Am I reading the kernel stack trace wrong?

**Comment by legnaleurc** [comment]
It confused me too.
I think `__perf_event_task_sched_in+0x187` maps to
`0xffffffff81167127 <+391>:   jmpq   0xffffffff8116701c <__perf_event_task_sched_in+124>`
But I still don't know why it calls `do_coredump`.

Maybe I should try something to debug the kernel.

**Comment by rocallahan** [comment]
of course, the gdb offsets are in decimal...

**Comment by rocallahan** [comment]
`do_coredump` is only called by `get_signal`. That would suggest that stack trace is corrupt somehow.

**Comment by rocallahan** [comment]
Did using `kill -TERM` give you a replayable rr trace? If you make a few recordings and SIGTERM them all, do all the recordings end (see `rr dump -b -m -p <trace-file>`) in roughly the same place?

**Comment by legnaleurc** [comment]
`kill -TERM $(pidof rr)` does not change process states (`rr` is `S`, `firefox` is `t`, and `plugin-container` is `D`).
Do it again will terminate `rr` immediately.

**Comment by rocallahan** [comment]
I guess kill -9 on the plugin-container doesn't work.

**Comment by legnaleurc** [comment]
plugin-container turns to `Z`, and others remain same.

**Comment by Keno** [comment]
I have seen this happen when rr was wrong about which signals were blocked (#1764).

**Comment by rocallahan** [comment]
Ah, good point!

@legnaleurc, can you trigger this, dump `/proc/<pid>/status` for the stuck process, and then attach to rr, go to a frame with a `Task` and dump `task->sighandlers->handlers`?

**Comment by legnaleurc** [comment]
cat /proc/$(pidof plugin-container)/status

```
Name:   Web Content
Umask:  0022
State:  D (disk sleep)
Tgid:   10586
Ngid:   0
Pid:    10586
PPid:   10455
TracerPid:      10441
Uid:    1000    1000    1000    1000
Gid:    1000    1000    1000    1000
FDSize: 1024
Groups: 24 25 27 29 30 44 46 108 115 119 1000 
NStgid: 10586
NSpid:  10586
NSpgid: 10399
NSsid:  4171
VmPeak:   650800 kB
VmSize:   617888 kB
VmLck:         0 kB
VmPin:         0 kB
VmHWM:    125696 kB
VmRSS:    125696 kB
RssAnon:           37700 kB
RssFile:           87996 kB
RssShmem:              0 kB
VmData:   263852 kB
VmStk:         0 kB
VmExe:       308 kB
VmLib:    127768 kB
VmPTE:       804 kB
VmPMD:        16 kB
VmSwap:        0 kB
HugetlbPages:          0 kB
Threads:        24
SigQ:   0/63752
SigPnd: 0000000000000000
ShdPnd: 0000000000000000
SigBlk: 0000000000000000
SigIgn: 0000000001001002
SigCgt: 0000000fc00000a8
CapInh: 0000000000000000
CapPrm: 0000000000000000
CapEff: 0000000000000000
CapBnd: 0000003fffffffff
CapAmb: 0000000000000000
Seccomp:        2
Cpus_allowed:   08
Cpus_allowed_list:      3
Mems_allowed:   00000000,00000001
Mems_allowed_list:      0
voluntary_ctxt_switches:        7733
nonvoluntary_ctxt_switches:     129
```

**Comment by legnaleurc** [comment]
```
(gdb) p this->sighandlers._M_ptr->handlers
$10 = {{
    k_sa_handler = {
      ptr = 0
    }, 
    sa = std::vector of length 0, capacity 0, 
    resethand = false, 
    takes_siginfo = false, 
    nodefer_set = false, 
    sa_mask = 0
  }, {
    k_sa_handler = {
      ptr = 0
    }, 
    sa = std::vector of length 32, capacity 32 = {0 '\000', 0 '\000', 0 '\000', 0 '\000', 0 '\000', 0 '\000', 0 '\000', 0 '\000', 0 '\000', 0 '\000', 0 '\000', 0 '\000', 0 '\000', 0 '\000', 0 '\000', 0 '\000', 0 '\000', 0 '\000', 0 '\000', 0 '\000', 0 '\000', 0 '\000', 0 '\000', 0 '\000', 0 '\000', 0 '\000', 0 '\000', 0 '\000', 0 '\000', 0 '\000', 0 '\000', 0 '\000'}, 
    resethand = false, 
    takes_siginfo = false, 
    nodefer_set = false, 
    sa_mask = 0
  }, {
    k_sa_handler = {
      ptr = 1
    }, 
    sa = std::vector of length 32, capacity 32 = {1 '\001', 0 '\000', 0 '\000', 0 '\000', 0 '\000', 0 '\000', 0 '\000', 0 '\000', 0 '\000', 0 '\000', 0 '\000', 20 '\024', 0 '\000', 0 '\000', 0 '\000', 0 '\000', 64 '@', 208 '\320', 247 '\367', 171 '\253', 170 '\252', 127 '\177', 0 '\000', 0 '\000', 2 '\002', 0 '\000', 0 '\000', 0 '\000', 0 '\000', 0 '\000', 0 '\000', 0 '\000'}, 
    resethand = false, 
    takes_siginfo = false, 
    nodefer_set = false, 
    sa_mask = 2
  }, {
    k_sa_handler = {
      ptr = 0
    }, 
    sa = std::vector of length 32, capacity 32 = {0 '\000', 0 '\000', 0 '\000', 0 '\000', 0 '\000', 0 '\000', 0 '\000', 0 '\000', 0 '\000', 0 '\000', 0 '\000', 0 '\000', 0 '\000', 0 '\000', 0 '\000', 0 '\000', 0 '\000', 0 '\000', 0 '\000', 0 '\000', 0 '\000', 0 '\000', 0 '\000', 0 '\000', 0 '\000', 0 '\000', 0 '\000', 0 '\000', 0 '\000', 0 '\000', 0 '\000', 0 '\000'}, 
    resethand = false, 
    takes_siginfo = false, 
    nodefer_set = false, 
    sa_mask = 0
  }, {
    k_sa_handler = {
      ptr = 140371074965426
    }, 
    sa = std::vector of length 32, capacity 32 = {178 '\262', 95 '_', 15 '\017', 176 '\260', 170 '\252', 127 '\177', 0 '\000', 0 '\000', 0 '\000', 0 '\000', 0 '\000', 20 '\024', 0 '\000', 0 '\000', 0 '\000', 0 '\000', 64 '@', 208 '\320', 247 '\367', 171 '\253', 170 '\252', 127 '\177', 0 '\000', 0 '\000', 8 '\b', 0 '\000', 0 '\000', 0 '\000', 0 '\000', 0 '\000', 0 '\000', 0 '\000'}, 
    resethand = false, 
    takes_siginfo = false, 
    nodefer_set = false, 
    sa_mask = 8
  }, {
    k_sa_handler = {
      ptr = 0
    }, 
    sa = std::vector of length 0, capacity 0, 
    resethand = false, 
    takes_siginfo = false, 
    nodefer_set = false, 
    sa_mask = 0
  }, {
    k_sa_handler = {
      ptr = 140371074965426
    }, 
    sa = std::vector of length 32, capacity 32 = {178 '\262', 95 '_', 15 '\017', 176 '\260', 170 '\252', 127 '\177', 0 '\000', 0 '\000', 0 '\000', 0 '\000', 0 '\000', 20 '\024', 0 '\000', 0 '\000', 0 '\000', 0 '\000', 64 '@', 208 '\320', 247 '\367', 171 '\253', 170 '\252', 127 '\177', 0 '\000', 0 '\000', 32 ' ', 0 '\000', 0 '\000', 0 '\000', 0 '\000', 0 '\000', 0 '\000', 0 '\000'}, 
    resethand = false, 
    takes_siginfo = false, 
    nodefer_set = false, 
    sa_mask = 32
  }, {
    k_sa_handler = {
      ptr = 0
    }, 
    sa = std::vector of length 0, capacity 0, 
    resethand = false, 
    takes_siginfo = false, 
    nodefer_set = false, 
    sa_mask = 0
  }, {
    k_sa_handler = {
      ptr = 140371074964575
    }, 
    sa = std::vector of length 32, capacity 32 = {95 '_', 92 '\\', 15 '\017', 176 '\260', 170 '\252', 127 '\177', 0 '\000', 0 '\000', 4 '\004', 0 '\000', 0 '\000', 28 '\034', 0 '\000', 0 '\000', 0 '\000', 0 '\000', 0 '\000', 49 '1', 218 '\332', 178 '\262', 170 '\252', 127 '\177', 0 '\000', 0 '\000', 0 '\000', 0 '\000', 0 '\000', 0 '\000', 0 '\000', 0 '\000', 0 '\000', 0 '\000'}, 
    resethand = false, 
    takes_siginfo = true, 
    nodefer_set = false, 
    sa_mask = 0
  }, {
    k_sa_handler = {
      ptr = 0
    }, 
    sa = std::vector of length 0, capacity 0, 
    resethand = false, 
    takes_siginfo = false, 
    nodefer_set = false, 
    sa_mask = 0
  }, {
    k_sa_handler = {
      ptr = 0
    }, 
    sa = std::vector of length 0, capacity 0, 
    resethand = false, 
    takes_siginfo = false, 
    nodefer_set = false, 
    sa_mask = 0
  }, {
    k_sa_handler = {
      ptr = 140371074965426
    }, 
    sa = std::vector of length 32, capacity 32 = {178 '\262', 95 '_', 15 '\017', 176 '\260', 170 '\252', 127 '\177', 0 '\000', 0 '\000', 0 '\000', 0 '\000', 0 '\000', 20 '\024', 0 '\000', 0 '\000', 0 '\000', 0 '\000', 64 '@', 208 '\320', 247 '\367', 171 '\253', 170 '\252', 127 '\177', 0 '\000', 0 '\000', 0 '\000', 4 '\004', 0 '\000', 0 '\000', 0 '\000', 0 '\000', 0 '\000', 0 '\000'}, 
    resethand = false, 
    takes_siginfo = false, 
    nodefer_set = false, 
    sa_mask = 1024
  }, {
    k_sa_handler = {
      ptr = 0
    }, 
    sa = std::vector of length 0, capacity 0, 
    resethand = false, 
    takes_siginfo = false, 
    nodefer_set = false, 
    sa_mask = 0
  }, {
    k_sa_handler = {
      ptr = 1
    }, 
    sa = std::vector of length 32, capacity 32 = {1 '\001', 0 '\000', 0 '\000', 0 '\000', 0 '\000', 0 '\000', 0 '\000', 0 '\000', 0 '\000', 0 '\000', 0 '\000', 20 '\024', 0 '\000', 0 '\000', 0 '\000', 0 '\000', 64 '@', 208 '\320', 247 '\367', 171 '\253', 170 '\252', 127 '\177', 0 '\000', 0 '\000', 0 '\000', 16 '\020', 0 '\000', 0 '\000', 0 '\000', 0 '\000', 0 '\000', 0 '\000'}, 
    resethand = false, 
    takes_siginfo = false, 
    nodefer_set = false, 
    sa_mask = 4096
  }, {
    k_sa_handler = {
      ptr = 0
    }, 
    sa = std::vector of length 0, capacity 0, 
    resethand = false, 
    takes_siginfo = false, 
    nodefer_set = false, 
    sa_mask = 0
  }, {
    k_sa_handler = {
      ptr = 0
    }, 
    sa = std::vector of length 32, capacity 32 = {0 '\000', 0 '\000', 0 '\000', 0 '\000', 0 '\000', 0 '\000', 0 '\000', 0 '\000', 0 '\000', 0 '\000', 0 '\000', 0 '\000', 0 '\000', 0 '\000', 0 '\000', 0 '\000', 0 '\000', 0 '\000', 0 '\000', 0 '\000', 0 '\000', 0 '\000', 0 '\000', 0 '\000', 0 '\000', 0 '\000', 0 '\000', 0 '\000', 0 '\000', 0 '\000', 0 '\000', 0 '\000'}, 
    resethand = false, 
    takes_siginfo = false, 
    nodefer_set = false, 
    sa_mask = 0
  }, {
    k_sa_handler = {
      ptr = 0
    }, 
    sa = std::vector of length 0, capacity 0, 
    resethand = false, 
    takes_siginfo = false, 
    nodefer_set = false, 
    sa_mask = 0
  }, {
    k_sa_handler = {
      ptr = 0
    }, 
    sa = std::vector of length 0, capacity 0, 
    resethand = false, 
    takes_siginfo = false, 
    nodefer_set = false, 
    sa_mask = 0
  }, {
    k_sa_handler = {
      ptr = 0
    }, 
    sa = std::vector of length 0, capacity 0, 
    resethand = false, 
    takes_siginfo = false, 
    nodefer_set = false, 
    sa_mask = 0
  }, {
    k_sa_handler = {
      ptr = 0
    }, 
    sa = std::vector of length 0, capacity 0, 
    resethand = false, 
    takes_siginfo = false, 
    nodefer_set = false, 
    sa_mask = 0
  }, {
    k_sa_handler = {
      ptr = 0
    }, 
    sa = std::vector of length 0, capacity 0, 
    resethand = false, 
    takes_siginfo = false, 
    nodefer_set = false, 
    sa_mask = 0
  }, {
    k_sa_handler = {
      ptr = 0
    }, 
    sa = std::vector of length 0, capacity 0, 
    resethand = false, 
    takes_siginfo = false, 
    nodefer_set = false, 
    sa_mask = 0
  }, {
    k_sa_handler = {
      ptr = 0
    }, 
    sa = std::vector of length 0, capacity 0, 
    resethand = false, 
    takes_siginfo = false, 
    nodefer_set = false, 
    sa_mask = 0
  }, {
    k_sa_handler = {
      ptr = 0
    }, 
    sa = std::vector of length 0, capacity 0, 
    resethand = false, 
    takes_siginfo = false, 
    nodefer_set = false, 
    sa_mask = 0
  }, {
    k_sa_handler = {
      ptr = 0
    }, 
    sa = std::vector of length 0, capacity 0, 
    resethand = false, 
    takes_siginfo = false, 
    nodefer_set = false, 
    sa_mask = 0
  }, {
    k_sa_handler = {
      ptr = 0
    }, 
    sa = std::vector of length 0, capacity 0, 
    resethand = false, 
    takes_siginfo = false, 
    nodefer_set = false, 
    sa_mask = 0
  }, {
    k_sa_handler = {
      ptr = 0
    }, 
    sa = std::vector of length 0, capacity 0, 
    resethand = false, 
    takes_siginfo = false, 
    nodefer_set = false, 
    sa_mask = 0
  }, {
    k_sa_handler = {
      ptr = 0
    }, 
    sa = std::vector of length 0, capacity 0, 
    resethand = false, 
    takes_siginfo = false, 
    nodefer_set = false, 
    sa_mask = 0
  }, {
    k_sa_handler = {
      ptr = 0
    }, 
    sa = std::vector of length 0, capacity 0, 
    resethand = false, 
    takes_siginfo = false, 
    nodefer_set = false, 
    sa_mask = 0
  }, {
    k_sa_handler = {
      ptr = 0
    }, 
    sa = std::vector of length 0, capacity 0, 
    resethand = false, 
    takes_siginfo = false, 
    nodefer_set = false, 
    sa_mask = 0
  }, {
    k_sa_handler = {
      ptr = 0
    }, 
    sa = std::vector of length 0, capacity 0, 
    resethand = false, 
    takes_siginfo = false, 
    nodefer_set = false, 
    sa_mask = 0
  }, {
    k_sa_handler = {
      ptr = 4402998
    }, 
    sa = std::vector of length 32, capacity 32 = {54 '6', 47 '/', 67 'C', 0 '\000', 0 '\000', 0 '\000', 0 '\000', 0 '\000', 4 '\004', 0 '\000', 0 '\000', 68 'D', 0 '\000', 0 '\000', 0 '\000', 0 '\000', 0 '\000', 49 '1', 218 '\332', 178 '\262', 170 '\252', 127 '\177', 0 '\000', 0 '\000', 0 '\000', 0 '\000', 0 '\000', 0 '\000', 0 '\000', 0 '\000', 0 '\000', 0 '\000'}, 
    resethand = false, 
    takes_siginfo = true, 
    nodefer_set = true, 
    sa_mask = 0
  }, {
    k_sa_handler = {
      ptr = 140371121765248
    }, 
    sa = std::vector of length 32, capacity 32 = {128 '\200', 123 '{', 217 '\331', 178 '\262', 170 '\252', 127 '\177', 0 '\000', 0 '\000', 4 '\004', 0 '\000', 0 '\000', 4 '\004', 0 '\000', 0 '\000', 0 '\000', 0 '\000', 0 '\000', 49 '1', 218 '\332', 178 '\262', 170 '\252', 127 '\177', 0 '\000', 0 '\000', 0 '\000', 0 '\000', 0 '\000', 0 '\000', 0 '\000', 0 '\000', 0 '\000', 0 '\000'}, 
    resethand = false, 
    takes_siginfo = true, 
    nodefer_set = false, 
    sa_mask = 0
  }, {
    k_sa_handler = {
      ptr = 140371121765392
    }, 
    sa = std::vector of length 32, capacity 32 = {16 '\020', 124 '|', 217 '\331', 178 '\262', 170 '\252', 127 '\177', 0 '\000', 0 '\000', 4 '\004', 0 '\000', 0 '\000', 20 '\024', 0 '\000', 0 '\000', 0 '\000', 0 '\000', 0 '\000', 49 '1', 218 '\332', 178 '\262', 170 '\252', 127 '\177', 0 '\000', 0 '\000', 0 '\000', 0 '\000', 0 '\000', 0 '\000', 0 '\000', 0 '\000', 0 '\000', 0 '\000'}, 
    resethand = false, 
    takes_siginfo = true, 
    nodefer_set = false, 
    sa_mask = 0
  }, {
    k_sa_handler = {
      ptr = 140371034602149
    }, 
    sa = std::vector of length 32, capacity 32 = {165 '\245', 122 'z', 167 '\247', 173 '\255', 170 '\252', 127 '\177', 0 '\000', 0 '\000', 0 '\000', 0 '\000', 0 '\000', 4 '\004', 0 '\000', 0 '\000', 0 '\000', 0 '\000', 0 '\000', 49 '1', 218 '\332', 178 '\262', 170 '\252', 127 '\177', 0 '\000', 0 '\000', 0 '\000', 0 '\000', 0 '\000', 0 '\000', 0 '\000', 0 '\000', 0 '\000', 0 '\000'}, 
    resethand = false, 
    takes_siginfo = false, 
    nodefer_set = false, 
    sa_mask = 0
  }, {
    k_sa_handler = {
      ptr = 140371034602149
    }, 
    sa = std::vector of length 32, capacity 32 = {165 '\245', 122 'z', 167 '\247', 173 '\255', 170 '\252', 127 '\177', 0 '\000', 0 '\000', 0 '\000', 0 '\000', 0 '\000', 4 '\004', 0 '\000', 0 '\000', 0 '\000', 0 '\000', 0 '\000', 49 '1', 218 '\332', 178 '\262', 170 '\252', 127 '\177', 0 '\000', 0 '\000', 0 '\000', 0 '\000', 0 '\000', 0 '\000', 0 '\000', 0 '\000', 0 '\000', 0 '\000'}, 
    resethand = false, 
    takes_siginfo = false, 
    nodefer_set = false, 
    sa_mask = 0
  }, {
    k_sa_handler = {
      ptr = 140371034602149
    }, 
    sa = std::vector of length 32, capacity 32 = {165 '\245', 122 'z', 167 '\247', 173 '\255', 170 '\252', 127 '\177', 0 '\000', 0 '\000', 0 '\000', 0 '\000', 0 '\000', 4 '\004', 0 '\000', 0 '\000', 0 '\000', 0 '\000', 0 '\000', 49 '1', 218 '\332', 178 '\262', 170 '\252', 127 '\177', 0 '\000', 0 '\000', 0 '\000', 0 '\000', 0 '\000', 0 '\000', 0 '\000', 0 '\000', 0 '\000', 0 '\000'}, 
    resethand = false, 
    takes_siginfo = false, 
    nodefer_set = false, 
    sa_mask = 0
  }, {
    k_sa_handler = {
      ptr = 0
    }, 
    sa = std::vector of length 0, capacity 0, 
    resethand = false, 
    takes_siginfo = false, 
    nodefer_set = false, 
    sa_mask = 0
  }, {
    k_sa_handler = {
      ptr = 0
    }, 
    sa = std::vector of length 0, capacity 0, 
    resethand = false, 
    takes_siginfo = false, 
    nodefer_set = false, 
    sa_mask = 0
  }, {
    k_sa_handler = {
      ptr = 0
    }, 
    sa = std::vector of length 0, capacity 0, 
    resethand = false, 
    takes_siginfo = false, 
    nodefer_set = false, 
    sa_mask = 0
  }, {
    k_sa_handler = {
      ptr = 0
    }, 
    sa = std::vector of length 0, capacity 0, 
    resethand = false, 
    takes_siginfo = false, 
    nodefer_set = false, 
    sa_mask = 0
  }, {
    k_sa_handler = {
      ptr = 0
    }, 
    sa = std::vector of length 0, capacity 0, 
    resethand = false, 
    takes_siginfo = false, 
    nodefer_set = false, 
    sa_mask = 0
  }, {
    k_sa_handler = {
      ptr = 0
    }, 
    sa = std::vector of length 0, capacity 0, 
    resethand = false, 
    takes_siginfo = false, 
    nodefer_set = false, 
    sa_mask = 0
  }, {
    k_sa_handler = {
      ptr = 0
    }, 
    sa = std::vector of length 0, capacity 0, 
    resethand = false, 
    takes_siginfo = false, 
    nodefer_set = false, 
    sa_mask = 0
  }, {
    k_sa_handler = {
      ptr = 0
    }, 
    sa = std::vector of length 0, capacity 0, 
    resethand = false, 
    takes_siginfo = false, 
    nodefer_set = false, 
    sa_mask = 0
  }, {
    k_sa_handler = {
      ptr = 0
    }, 
    sa = std::vector of length 0, capacity 0, 
    resethand = false, 
    takes_siginfo = false, 
    nodefer_set = false, 
    sa_mask = 0
  }, {
    k_sa_handler = {
      ptr = 0
    }, 
    sa = std::vector of length 0, capacity 0, 
    resethand = false, 
    takes_siginfo = false, 
    nodefer_set = false, 
    sa_mask = 0
  }, {
    k_sa_handler = {
      ptr = 0
    }, 
    sa = std::vector of length 0, capacity 0, 
    resethand = false, 
    takes_siginfo = false, 
    nodefer_set = false, 
    sa_mask = 0
  }, {
    k_sa_handler = {
      ptr = 0
    }, 
    sa = std::vector of length 0, capacity 0, 
    resethand = false, 
    takes_siginfo = false, 
    nodefer_set = false, 
    sa_mask = 0
  }, {
    k_sa_handler = {
      ptr = 0
    }, 
    sa = std::vector of length 0, capacity 0, 
    resethand = false, 
    takes_siginfo = false, 
    nodefer_set = false, 
    sa_mask = 0
  }, {
    k_sa_handler = {
      ptr = 0
    }, 
    sa = std::vector of length 0, capacity 0, 
    resethand = false, 
    takes_siginfo = false, 
    nodefer_set = false, 
    sa_mask = 0
  }, {
    k_sa_handler = {
      ptr = 0
    }, 
    sa = std::vector of length 0, capacity 0, 
    resethand = false, 
    takes_siginfo = false, 
    nodefer_set = false, 
    sa_mask = 0
  }, {
    k_sa_handler = {
      ptr = 0
    }, 
    sa = std::vector of length 0, capacity 0, 
    resethand = false, 
    takes_siginfo = false, 
    nodefer_set = false, 
    sa_mask = 0
  }, {
    k_sa_handler = {
      ptr = 0
    }, 
    sa = std::vector of length 0, capacity 0, 
    resethand = false, 
    takes_siginfo = false, 
    nodefer_set = false, 
    sa_mask = 0
  }, {
    k_sa_handler = {
      ptr = 0
    }, 
    sa = std::vector of length 0, capacity 0, 
    resethand = false, 
    takes_siginfo = false, 
    nodefer_set = false, 
    sa_mask = 0
  }, {
    k_sa_handler = {
      ptr = 0
    }, 
    sa = std::vector of length 0, capacity 0, 
    resethand = false, 
    takes_siginfo = false, 
    nodefer_set = false, 
    sa_mask = 0
  }, {
    k_sa_handler = {
      ptr = 0
    }, 
    sa = std::vector of length 0, capacity 0, 
    resethand = false, 
    takes_siginfo = false, 
    nodefer_set = false, 
    sa_mask = 0
  }, {
    k_sa_handler = {
      ptr = 0
    }, 
    sa = std::vector of length 0, capacity 0, 
    resethand = false, 
    takes_siginfo = false, 
    nodefer_set = false, 
    sa_mask = 0
  }, {
    k_sa_handler = {
      ptr = 0
    }, 
    sa = std::vector of length 0, capacity 0, 
    resethand = false, 
    takes_siginfo = false, 
    nodefer_set = false, 
    sa_mask = 0
  }, {
    k_sa_handler = {
      ptr = 0
    }, 
    sa = std::vector of length 0, capacity 0, 
    resethand = false, 
    takes_siginfo = false, 
    nodefer_set = false, 
    sa_mask = 0
  }, {
    k_sa_handler = {
      ptr = 0
    }, 
    sa = std::vector of length 0, capacity 0, 
    resethand = false, 
    takes_siginfo = false, 
    nodefer_set = false, 
    sa_mask = 0
  }, {
    k_sa_handler = {
      ptr = 0
    }, 
    sa = std::vector of length 0, capacity 0, 
    resethand = false, 
    takes_siginfo = false, 
    nodefer_set = false, 
    sa_mask = 0
  }, {
    k_sa_handler = {
      ptr = 0
    }, 
    sa = std::vector of length 0, capacity 0, 
    resethand = false, 
    takes_siginfo = false, 
    nodefer_set = false, 
    sa_mask = 0
  }, {
    k_sa_handler = {
      ptr = 0
    }, 
    sa = std::vector of length 0, capacity 0, 
    resethand = false, 
    takes_siginfo = false, 
    nodefer_set = false, 
    sa_mask = 0
  }, {
    k_sa_handler = {
      ptr = 0
    }, 
    sa = std::vector of length 0, capacity 0, 
    resethand = false, 
    takes_siginfo = false, 
    nodefer_set = false, 
    sa_mask = 0
  }}
```

**Comment by rocallahan** [comment]
Great, thanks!

This confirms Keno's hint. In rr, SIGSEGV (11) is marked as having a handler, but in /proc/.../status it's marked as ignored. Oddly enough in rr SIGPIPE (13) is marked as ignored but not according to the kernel, while the kernel lists SIGIO (29) as ignored by not according to rr. Sigh.

**Comment by rocallahan** [comment]
Er no. SIGPIPE is ignored in rr and the kernel. But SIGSEGV is DFL in the kernel and rr thinks it has a handler.

**Comment by rocallahan** [comment]
@legnaleurc can you run `rr dump <trace>` and paste the last 100 events somewhere?

**Comment by rocallahan** [comment]
@legnaleurc Also, how did you produce that content-process crash?

**Comment by legnaleurc** [comment]
rr dump: https://pastebin.mozilla.org/8908384

> Also, how did you produce that content-process crash?

By adding `MOZ_CRASH` in some path that content-process must go though, e.g.:
(in nsFileChannel::OpenContentStream)
```
if (XRE_IsContentProcess()) {
  MOZ_CRASH("crash here");
}
```

**Comment by legnaleurc** [comment]
Tapped wrong button, sorry.

**Comment by rocallahan** [comment]
Looks like that dump was cut off in the middle of an event?

**Comment by legnaleurc** [comment]
I guess that's because I have to kill rr so it did not complete the latest event.
rr dump hangs on the latest event too.

**Comment by rocallahan** [comment]
When rr hangs, you should be able to attach gdb, go up the stack to the nearest frame containing `Task* t`, then do `call emergency_debug(t)` and it should at least flush the trace correctly.

**Comment by legnaleurc** [comment]
Off topic: does rr have a command to know how many events does a trace have?

**Comment by rocallahan** [comment]
No. Why would you need that?

**Comment by legnaleurc** [comment]
To dump latest N events, I suppose I have to know the event length to do
rr dump /path/firefox-i (max-N)-max

**Comment by rocallahan** [comment]
True. Usually people just dump all to a file and then cut them manually.

**Comment by legnaleurc** [comment]
https://pastebin.mozilla.org/8908394

**Comment by rocallahan** [comment]
OK, that doesn't tell us much unfortunately. Thanks for helping. As far as I can tell, this is a simple case where MOZ_CRASH dumps the stack and triggers a simple SIGSEGV. There should be a SIGSEGV handler set up to catch that. I've tried reproducing this in various configurations and failed; there is always a SIGSEGV handler set up in the content process, whether or not crash reporting is enabled. I don't know why there isn't in your case!

**Comment by legnaleurc** [comment]
I found that if I run plugin-container with rr, then SIGSEGV and SIGVTALRM will be removed from SigCgt. Is this normal?

**Comment by rocallahan** [comment]
No.

**Comment by legnaleurc** [comment]
/proc/pid/status if I run it normally:

```
Name:   Web Content
Umask:  0022
State:  S (sleeping)
Tgid:   4991
Ngid:   0
Pid:    4991
PPid:   4950
TracerPid:      0
Uid:    1000    1000    1000    1000
Gid:    1000    1000    1000    1000
FDSize: 64
Groups: 24 25 27 29 30 44 46 108 115 119 1000 
NStgid: 4991
NSpid:  4991
NSpgid: 4920
NSsid:  4171
VmPeak:   639368 kB
VmSize:   605580 kB
VmLck:         0 kB
VmPin:         0 kB
VmHWM:    113276 kB
VmRSS:    113276 kB
RssAnon:           36280 kB
RssFile:           76996 kB
RssShmem:              0 kB
VmData:   271904 kB
VmStk:       136 kB
VmExe:       308 kB
VmLib:    127712 kB
VmPTE:       820 kB
VmPMD:        16 kB
VmSwap:        0 kB
HugetlbPages:          0 kB
Threads:        31
SigQ:   0/63752
SigPnd: 0000000000000000
ShdPnd: 0000000000000000
SigBlk: 0000000000000000
SigIgn: 0000000001001002
SigCgt: 0000000fc20004a8
CapInh: 0000000000000000
CapPrm: 0000000000000000
CapEff: 0000000000000000
CapBnd: 0000003fffffffff
CapAmb: 0000000000000000
Seccomp:        2
Cpus_allowed:   ff
Cpus_allowed_list:      0-7
Mems_allowed:   00000000,00000001
Mems_allowed_list:      0
voluntary_ctxt_switches:        251
nonvoluntary_ctxt_switches:     4
```

**Comment by rocallahan** [comment]
I've just pushed to master a commit that, in an rr debug build, frequently verifies rr's signal state with the signal state in /proc/<pid>/status. Try building that (debug!) and hopefully it will detect a divergence in that state immediately after it happens, which should show us where the problem is.

**Comment by legnaleurc** [comment]
I got assertion immediately in firefox, before spawning plugin-container.

Stack in rr:
```
#0  0x00007fca1d66750d in poll () from /lib/x86_64-linux-gnu/libc.so.6
#1  0x000000000061ea14 in rr::poll_socket (sock_fd=..., events=1, timeoutMs=-1) at /home/wcpan/local/src/rr/src/GdbConnection.cc:234
#2  0x000000000061eaae in rr::poll_incoming (sock_fd=..., timeoutMs=-1) at /home/wcpan/local/src/rr/src/GdbConnection.cc:242
#3  0x000000000061eb03 in rr::GdbConnection::read_data_once (this=0x214d180) at /home/wcpan/local/src/rr/src/GdbConnection.cc:256
#4  0x000000000061f714 in rr::GdbConnection::read_packet (this=0x214d180) at /home/wcpan/local/src/rr/src/GdbConnection.cc:441
#5  0x000000000062441d in rr::GdbConnection::get_request (this=0x214d180) at /home/wcpan/local/src/rr/src/GdbConnection.cc:1337
#6  0x0000000000635256 in rr::GdbServer::process_debugger_requests (this=0x7ffd31310f10, state=rr::GdbServer::REPORT_NORMAL) at /home/wcpan/local/src/rr/src/GdbServer.cc:841
#7  0x0000000000637c39 in rr::GdbServer::emergency_debug (t=0x214e7d0) at /home/wcpan/local/src/rr/src/GdbServer.cc:1364
#8  0x0000000000655a26 in rr::emergency_debug (t=0x214e7d0) at /home/wcpan/local/src/rr/src/log.cc:274
#9  0x0000000000655c10 in rr::EmergencyDebugOstream::~EmergencyDebugOstream (this=0x7ffd313112d0, __in_chrg=<optimized out>) at /home/wcpan/local/src/rr/src/log.cc:296
#10 0x00000000006b3ef4 in rr::RecordTask::verify_signal_states (this=0x214e7d0) at /home/wcpan/local/src/rr/src/RecordTask.cc:1004
#11 0x0000000000674fa9 in rr::RecordSession::record_step (this=0x214cbb0) at /home/wcpan/local/src/rr/src/RecordSession.cc:1791
#12 0x000000000066c623 in rr::record (args=std::vector of length 4, capacity 4 = {...}, flags=...) at /home/wcpan/local/src/rr/src/RecordCommand.cc:296
#13 0x000000000066caa1 in rr::RecordCommand::run (this=0x9f96a0 <rr::RecordCommand::singleton>, args=std::vector of length 4, capacity 4 = {...})
    at /home/wcpan/local/src/rr/src/RecordCommand.cc:363
#14 0x000000000073138e in main (argc=5, argv=0x7ffd313116a8) at /home/wcpan/local/src/rr/src/main.cc:270
```

Frame 10:
```
ASSERT(this, !!(caught & mask) == (disposition == SIGNAL_HANDLER));
(gdb) p/x caught
$1 = 0x80000000
(gdb) p mask
$2 = 0x80000000
(gdb) p disposition
$3 = rr::SIGNAL_DEFAULT
```

Stack in firefox:
```
#0  0x00007fe069adb1fe in __libc_sigaction () from /lib/x86_64-linux-gnu/libpthread.so.0
#1  0x00007fe069acfe4a in __pthread_initialize_minimal_internal () from /lib/x86_64-linux-gnu/libpthread.so.0
#2  0x00007fe069acf5b9 in _init () from /lib/x86_64-linux-gnu/libpthread.so.0
#3  0x0000000000000000 in ?? ()
```

**Comment by rocallahan** [comment]
Can you dump the registers in the emergency debugger? and `print *(struct sigaction*)$rsi`?

Also, can you run the rr tests on your system?

**Comment by legnaleurc** [comment]
```
(gdb) f 10
#10 0x00000000006b3ef4 in rr::RecordTask::verify_signal_states (this=0xe107d0) at /home/wcpan/local/src/rr/src/RecordTask.cc:1004
1004        ASSERT(this, !!(caught & mask) == (disposition == SIGNAL_HANDLER));
(gdb) info registers
rax            0xfffffffffffffdfc       -516
rbx            0xe107d0 14747600
rcx            0x7f73579b250d   140133367751949
rdx            0xffffffff       4294967295
rsi            0x1      1
rdi            0x7fff62df3d30   140734852185392
rbp            0x7fff62df5840   0x7fff62df5840
rsp            0x7fff62df5790   0x7fff62df5790
r8             0xe1d260 14799456
r9             0x0      0
r10            0x78     120
r11            0x293    659
r12            0x0      0
r13            0x7fff62df5bc0   140734852193216
r14            0x0      0
r15            0x0      0
rip            0x6b3ef4 0x6b3ef4 <rr::RecordTask::verify_signal_states()+758>
eflags         0x293    [ CF AF SF IF ]
cs             0x33     51
ss             0x2b     43
ds             0x0      0
es             0x0      0
fs             0x0      0
gs             0x0      0
```

```
(gdb) print *(struct sigaction*)$rsi
Cannot access memory at address 0x1
```

Test result:

```
99% tests passed, 12 tests failed out of 900

Total Test time (real) = 1724.02 sec

The following tests FAILED:
         57 - clone_newflags (Failed)
         58 - clone_newflags-no-syscallbuf (Failed)
        283 - proc_fds (Failed)
        284 - proc_fds-no-syscallbuf (Failed)
        655 - mutex_pi_stress (Failed)
        656 - mutex_pi_stress-no-syscallbuf (Failed)
        807 - first_instruction (Failed)
        808 - first_instruction-no-syscallbuf (Failed)
        897 - vfork_exec (Failed)
        898 - vfork_exec-no-syscallbuf (Failed)
        899 - when (Failed)
        900 - when-no-syscallbuf (Failed)
Errors while running CTest
Makefile:128: recipe for target 'test' failed
make: *** [test] Error 8
```

**Comment by Keno** [comment]
Are those gdb printouts from the emergency debugger (I.e. not the one attached to rr itself)?

**Comment by legnaleurc** [comment]
The printouts were copied from the one attached to rr.
You need it from firefox too?

**Comment by Keno** [comment]
Yes. That's the interesting one.

**Comment by legnaleurc** [comment]
```
(gdb) print *(struct sigaction*)$rsi
$1 = {
  __sigaction_handler = {
    sa_handler = 0x7f8e76118b80 <sigcancel_handler>,
    sa_sigaction = 0x7f8e76118b80 <sigcancel_handler>
  },
  sa_mask = {
    __val = {67108868, 140249842991360, 0 <repeats 14 times>}
  },
  sa_flags = 0,
  sa_restorer = 0x0
}
```

**Comment by Keno** [comment]
For those following along, translating that to kernel-speak is:
```
kernel_sigaction_t {
.sa_handler = 0x7f8e76118b80
.sa_flags = SA_RESTORER | SA_SIGINFO
.sa_restorer = 0x7f8e76124100
.sa_mask = 0
}
```
which looks sane to me.

**Comment by Keno** [comment]
`info registers` for firefox?

**Comment by Keno** [comment]
Also `this->sighandlers->get(i)` in rr. With particular interest in `this->sighandlers->get(i).sa`.

**Comment by legnaleurc** [comment]
In firefox:

```
(gdb) info registers
rax            0x0      0
rbx            0x7fff9fecf048   140735876493384
rcx            0xffffffffffffffff       -1
rdx            0x0      0
rsi            0x7fff9feceed0   140735876493008
rdi            0x20     32
rbp            0x7f8e76780040   0x7f8e76780040 <_rtld_global>
rsp            0x7fff9fecef48   0x7fff9fecef48
r8             0x0      0
r9             0x0      0
r10            0x8      8
r11            0x246    582
r12            0x7fff9fecf040   140735876493376
r13            0x7fff9fecf1b0   140735876493744
r14            0x7f8e76781168   140249849663848
r15            0x0      0
rip            0x7f8e761241fe   0x7f8e761241fe <__libc_sigaction+238>
eflags         0x246    [ PF ZF IF ]
cs             0x33     51
ss             0x2b     43
ds             0x0      0
es             0x0      0
fs             0x0      0
gs             0x0      0
```

In rr:

```
(gdb) p this->sighandlers->get(i)
$1 = (rr::Sighandler &) @0x1458db0: {
  k_sa_handler = {
    ptr = 0
  },
  sa = std::vector of length 32, capacity 32 = {0 '\000', 0 '\000', 0 '\000', 0 '\000', 0 '\000', 0 '\000', 0 '\000', 0 '\000', 0 '\000', 0 '\000', 0 '\000', 0 '\000', 0 '\000', 0 '\000', 0 '\000',
    0 '\000', 0 '\000', 0 '\000', 0 '\000', 0 '\000', 0 '\000', 0 '\000', 0 '\000', 0 '\000', 0 '\000', 0 '\000', 0 '\000', 0 '\000', 0 '\000', 0 '\000', 0 '\000', 0 '\000'},
  resethand = false,
  takes_siginfo = false,
  nodefer_set = false,
  sa_mask = 0
}
```

**Comment by rocallahan** [comment]
@legnaleurc, thank you so much for all this work.

This doesn't make much sense to me. glibc did an `rt_sigaction` and for some reason rr just ignored it. Yet this apparently doesn't happen in most of the tests that use pthreads.

@legnaleurc, can you run rr recording Firefox under gdb, setting a breakpoint on the line `remote_ptr<typename Arch::kernel_sigaction> new_sigaction = regs.arg2();` in `RecordTask.cc`, conditional on `sig == 32`, and then single-step from there? You should see us descending into `init_arch`, which should then set `k_sa_handler` to someting non-null. But apparently it does not so the question is, why not.

**Comment by rocallahan** [comment]
Of course the other possibility is that we don't hit the breakpoint at all.

**Comment by Keno** [comment]
Hmm, one thing I could think of that could cause problems is`CLONE_SIGHAND`. Do we handle that at all?

**Comment by rocallahan** [comment]
We at least try to handle it correctly. I don't think we have an explicit test that the signal-handling behavior is OK though.

**Comment by rocallahan** [comment]
See RecordTask::clone

**Comment by rocallahan** [comment]
Anyway, in this case the tid of the task we're verifying signal status for should be the same as the tid of the rt_sigaction that just completed.

**Comment by legnaleurc** [comment]
> Of course the other possibility is that we don't hit the breakpoint at all.

That's my case, it didn't reach RecordTask.cc:924, even without any condition.

**Comment by rocallahan** [comment]
Ok, that's progress I guess!

Can you run rr with `RR_LOG=all` and send us the last 200 lines of results? Thanks!!!

**Comment by legnaleurc** [comment]
https://pastebin.mozilla.org/8909402

**Comment by rocallahan** [comment]
That's all as it should be.

I think I found the problem; I've pushed an update to master which should fix it. Please retry on master.

**Comment by legnaleurc** [comment]
I was using 4970db01385d8d7f8b643584acfd0170937e87d2 when I got the assertion.
Did I miss something?

**Comment by rocallahan** [comment]
No. My push to master failed. I've fixed it now, please re-pull!

**Comment by legnaleurc** [comment]
Another assertion.

Backtrace in firefox:

```
#0  0x0000000070000002 in  ()
#1  0x00007f2da27562f8 in _raw_syscall () at /home/wcpan/local/src/rr/src/preload/raw_syscall.S:120
#2  0x00007f2da275313e in traced_raw_syscall (call=call@entry=0x7ffc5d6f9268) at /home/wcpan/local/src/rr/src/preload/preload.c:282
#3  0x00007f2da2754400 in syscall_hook (call=0x7ffc5d6f9268) at /home/wcpan/local/src/rr/src/preload/preload.c:2477
#4  0x00007f2da2754400 in syscall_hook (call=0x7ffc5d6f9268) at /home/wcpan/local/src/rr/src/preload/preload.c:2488
#5  0x00007f2da275632a in _syscall_hook_trampoline () at /home/wcpan/local/src/rr/src/preload/syscall_hook.S:170
#6  0x00007f2da275633b in _syscall_hook_trampoline_48_3d_01_f0_ff_ff () at /home/wcpan/local/src/rr/src/preload/syscall_hook.S:221
#7  0x00007f2da17dfc1d in eventfd () at ../sysdeps/unix/syscall-template.S:84
#8  0x00007f2d9c485847 in  () at /lib/x86_64-linux-gnu/libglib-2.0.so.0
#9  0x00007f2d9c43ef43 in g_main_context_new () at /lib/x86_64-linux-gnu/libglib-2.0.so.0
#10 0x00007f2d9c442755 in  () at /lib/x86_64-linux-gnu/libglib-2.0.so.0
#11 0x00007f2d9ca68138 in  () at /usr/lib/x86_64-linux-gnu/libgio-2.0.so.0
#12 0x00007f2d9ca68a36 in  () at /usr/lib/x86_64-linux-gnu/libgio-2.0.so.0
#13 0x00007f2d9ca69465 in  () at /usr/lib/x86_64-linux-gnu/libgio-2.0.so.0
#14 0x00007f2d9c9bffb3 in  () at /usr/lib/x86_64-linux-gnu/libgio-2.0.so.0
#15 0x00007f2d9c9c0130 in  () at /usr/lib/x86_64-linux-gnu/libgio-2.0.so.0
#16 0x00007f2d9ca40815 in  () at /usr/lib/x86_64-linux-gnu/libgio-2.0.so.0
#17 0x00007f2d9ca413df in  () at /usr/lib/x86_64-linux-gnu/libgio-2.0.so.0
#18 0x00007f2d9ca48441 in  () at /usr/lib/x86_64-linux-gnu/libgio-2.0.so.0
#19 0x00007f2d9ca4a234 in g_app_info_get_default_for_type () at /usr/lib/x86_64-linux-gnu/libgio-2.0.so.0
#20 0x00007f2d951ad6e7 in nsGIOService::GetAppForMimeType(nsACString_internal const&, nsIGIOMimeApp**) (this=this@entry=0x7f2d872d34a0, aMimeType=..., aApp=aApp@entry=0x7ffc5d6f9798)
    at /home/wcpan/local/src/firefox/toolkit/system/gnome/nsGIOService.cpp:295
#21 0x00007f2d934bdc72 in nsGNOMERegistry::GetFromType(nsACString_internal const&) (aMIMEType=...) at /home/wcpan/local/src/firefox/uriloader/exthandler/unix/nsGNOMERegistry.cpp:97
#22 0x00007f2d934bde34 in nsGNOMERegistry::GetFromExtension(nsACString_internal const&) (aFileExt=...) at /home/wcpan/local/src/firefox/uriloader/exthandler/unix/nsGNOMERegistry.cpp:74
#23 0x00007f2d934ae1e4 in nsOSHelperAppService::GetFromExtension(nsCString const&) (this=this@entry=0x7f2d872cf920, aFileExt=...)
    at /home/wcpan/local/src/firefox/uriloader/exthandler/unix/nsOSHelperAppService.cpp:1260
#24 0x00007f2d934af102 in nsOSHelperAppService::GetMIMEInfoFromOS(nsACString_internal const&, nsACString_internal const&, bool*) (this=this@entry=0x7f2d872cf920, aType=..., aFileExt=..., aFound=aFound@entry=0x7ffc5d6fa1e7) at /home/wcpan/local/src/firefox/uriloader/exthandler/unix/nsOSHelperAppService.cpp:1471
#25 0x00007f2d934be2e8 in nsExternalHelperAppService::GetTypeFromExtension(nsACString_internal const&, nsACString_internal&) (this=0x7f2d872cf920, aFileExt=..., aContentType=...)
    at /home/wcpan/local/src/firefox/uriloader/exthandler/nsExternalHelperAppService.cpp:2753
#26 0x00007f2d934b1ea2 in nsExternalHelperAppService::GetTypeFromFile(nsIFile*, nsACString_internal&) (this=0x7f2d872cf920, aFile=<optimized out>, aContentType=...)
    at /home/wcpan/local/src/firefox/uriloader/exthandler/nsExternalHelperAppService.cpp:2889
#27 0x00007f2d92ddae16 in nsFileChannel::MakeFileInputStream(nsIFile*, nsCOMPtr<nsIInputStream>&, nsCString&, bool) (this=this@entry=
    0x7f2da1454e80, file=0x7f2d872ae9c0, stream=..., contentType=..., async=async@entry=false) at /home/wcpan/local/src/firefox/netwerk/protocol/file/nsFileChannel.cpp:382
#28 0x00007f2d92ddb9b2 in nsFileChannel::OpenContentStream(bool, nsIInputStream**, nsIChannel**) (this=this@entry=0x7f2da1454e80, async=async@entry=false, result=result@entry=0x7ffc5d6fa670, channel=channel@entry=0x7ffc5d6fa590) at /home/wcpan/local/src/firefox/netwerk/protocol/file/nsFileChannel.cpp:459
#29 0x00007f2d92bb6e4d in nsBaseChannel::Open(nsIInputStream**) (this=0x7f2da1454e80, result=0x7ffc5d6fa670) at /home/wcpan/local/src/firefox/netwerk/base/nsBaseChannel.cpp:610
#30 0x00007f2d92bad649 in nsBaseChannel::Open2(nsIInputStream**) (this=0x7f2da1454e80, aStream=0x7ffc5d6fa670) at /home/wcpan/local/src/firefox/netwerk/base/nsBaseChannel.cpp:634
#31 0x00007f2d937b815b in nsMessageManagerScriptExecutor::TryCacheLoadAndCompileScript(nsAString_internal const&, bool, bool, JS::MutableHandle<JSScript*>) (this=this@entry=0x7f2d8723dd78, aURL=..., aRunInGlobalScope=aRunInGlobalScope@entry=false, aShouldCache=<optimized out>, aScriptp=aScriptp@entry=0x0)
    at /home/wcpan/local/src/firefox/dom/base/nsFrameMessageManager.cpp:1794
#32 0x00007f2d937b886c in nsMessageManagerScriptExecutor::LoadScriptInternal(nsAString_internal const&, bool) (this=0x7f2d8723dd78, aURL=..., aRunInGlobalScope=<optimized out>)
    at /home/wcpan/local/src/firefox/dom/base/nsFrameMessageManager.cpp:1736
#33 0x00007f2d937ba76f in SameParentProcessMessageManagerCallback::DoLoadMessageManagerScript(nsAString_internal const&, bool) (this=<optimized out>, aURL=..., aRunInGlobalScope=<optimized out>) at /home/wcpan/local/src/firefox/dom/base/nsFrameMessageManager.cpp:1961
#34 0x00007f2d937b4da2 in nsFrameMessageManager::LoadScript(nsAString_internal const&, bool, bool) (this=0x7f2d8723dc10, aURL=..., aAllowDelayedLoad=aAllowDelayedLoad@entry=false, aRunInGlobalScope=aRunInGlobalScope@entry=false) at /home/wcpan/local/src/firefox/dom/base/nsFrameMessageManager.cpp:514
#35 0x00007f2d937b4e00 in nsFrameMessageManager::LoadScript(nsAString_internal const&, bool, bool) (this=0x7f2d8723db60, aURL=..., aAllowDelayedLoad=<optimized out>, aRunInGlobalScope=false---Type <return> to continue, or q <return> to quit---
) at /home/wcpan/local/src/firefox/dom/base/nsFrameMessageManager.cpp:524
#36 0x00007f2d92b408c4 in NS_InvokeByIndex(nsISupports*, uint32_t, uint32_t, nsXPTCVariant*) (that=<optimized out>, methodIndex=<optimized out>, paramCount=<optimized out>, params=<optimized out>) at /home/wcpan/local/src/firefox/xpcom/reflect/xptcall/md/unix/xptcinvoke_x86_64_unix.cpp:182
#37 0x00007f2d933809cb in CallMethodHelper::Call() (this=0x7ffc5d6fabe0) at /home/wcpan/local/src/firefox/js/xpconnect/src/XPCWrappedNative.cpp:2065
#38 0x00007f2d933809cb in CallMethodHelper::Call() (this=0x7ffc5d6fabe0) at /home/wcpan/local/src/firefox/js/xpconnect/src/XPCWrappedNative.cpp:1384
#39 0x00007f2d93370e0b in XPCWrappedNative::CallMethod(XPCCallContext&, XPCWrappedNative::CallMode) (ccx=..., mode=mode@entry=XPCWrappedNative::CALL_METHOD)
    at /home/wcpan/local/src/firefox/js/xpconnect/src/XPCWrappedNative.cpp:1351
#40 0x00007f2d93374f67 in XPC_WN_CallMethod(JSContext*, unsigned int, JS::Value*) (cx=<optimized out>, argc=<optimized out>, vp=<optimized out>)
    at /home/wcpan/local/src/firefox/js/xpconnect/src/XPCWrappedNativeJSOps.cpp:1143
#41 0x00007f2d95c87ade in js::CallJSNative(JSContext*, bool (*)(JSContext*, unsigned int, JS::Value*), JS::CallArgs const&) (cx=cx@entry=0x7f2d8cb32000, native=0x7f2d93374d7a <XPC_WN_CallMethod(JSContext*, unsigned int, JS::Value*)>, args=...) at /home/wcpan/local/src/firefox/js/src/jscntxtinlines.h:235
#42 0x00007f2d95c78342 in js::InternalCallOrConstruct(JSContext*, JS::CallArgs const&, js::MaybeConstruct) (cx=0x7f2d8cb32000, args=..., construct=js::NO_CONSTRUCT)
    at /home/wcpan/local/src/firefox/js/src/vm/Interpreter.cpp:454
#43 0x00007f2d95c73555 in Interpret(JSContext*, js::RunState&) (args=..., cx=<optimized out>) at /home/wcpan/local/src/firefox/js/src/vm/Interpreter.cpp:505
#44 0x00007f2d95c73555 in Interpret(JSContext*, js::RunState&) (cx=0x7f2d8cb32000, state=...) at /home/wcpan/local/src/firefox/js/src/vm/Interpreter.cpp:2916
#45 0x00007f2d95c781a6 in js::RunScript(JSContext*, js::RunState&) (cx=cx@entry=0x7f2d8cb32000, state=...) at /home/wcpan/local/src/firefox/js/src/vm/Interpreter.cpp:400
#46 0x00007f2d95c78435 in js::InternalCallOrConstruct(JSContext*, JS::CallArgs const&, js::MaybeConstruct) (
    cx=cx@entry=0x7f2d8cb32000, args=..., construct=construct@entry=js::NO_CONSTRUCT) at /home/wcpan/local/src/firefox/js/src/vm/Interpreter.cpp:472
#47 0x00007f2d95c78656 in InternalCall(JSContext*, js::AnyInvokeArgs const&) (cx=cx@entry=0x7f2d8cb32000, args=...) at /home/wcpan/local/src/firefox/js/src/vm/Interpreter.cpp:499
#48 0x00007f2d95c787ae in js::Call(JSContext*, JS::Handle<JS::Value>, JS::Handle<JS::Value>, js::AnyInvokeArgs const&, JS::MutableHandle<JS::Value>) (cx=cx@entry=0x7f2d8cb32000, fval=..., 
    fval@entry=$jsval((JSObject *) 0x7f2d88707018 [object Function "MainProcessSingleton.prototype.observe"]), thisv=..., 
    thisv@entry=$jsval((JSObject *) 0x7f2d886972e0 [object Object]), args=..., rval=rval@entry=JSVAL_VOID) at /home/wcpan/local/src/firefox/js/src/vm/Interpreter.cpp:518
#49 0x00007f2d95a84116 in JS_CallFunctionValue(JSContext*, JS::Handle<JSObject*>, JS::Handle<JS::Value>, JS::HandleValueArray const&, JS::MutableHandle<JS::Value>) (cx=0x7f2d8cb32000, obj=obj@entry=(JSObject * const) 0x7f2d886972e0 [object Object], fval=..., 
    fval@entry=$jsval((JSObject *) 0x7f2d88707018 [object Function "MainProcessSingleton.prototype.observe"]), args=..., rval=...) at /home/wcpan/local/src/firefox/js/src/jsapi.cpp:2776
#50 0x00007f2d93373712 in nsXPCWrappedJSClass::CallMethod(nsXPCWrappedJS*, unsigned short, XPTMethodDescriptor const*, nsXPTCMiniVariant*) (this=0x7f2d872b67e0, wrapper=<optimized out>, methodIndex=<optimized out>, info_=0x7f2d8cb16940, nativeParams=0x7ffc5d6fbc80) at /home/wcpan/local/src/firefox/js/xpconnect/src/XPCWrappedJSClass.cpp:1211
#51 0x00007f2d92b414b6 in PrepareAndDispatch(nsXPTCStubBase*, uint32_t, uint64_t*, uint64_t*, double*) (self=
    0x7f2d8cb3eb60, methodIndex=<optimized out>, args=<optimized out>, gpregs=<optimized out>, fpregs=0x7ffc5d6fbd70)
    at /home/wcpan/local/src/firefox/xpcom/reflect/xptcall/md/unix/xptcstubs_x86_64_linux.cpp:122
#52 0x00007f2d92b4092b in SharedStub () at /home/wcpan/local/src/firefox/obj-x86_64-pc-linux-gnu/dist/bin/libxul.so
#53 0x00007f2d94e810c2 in nsAppStartupNotifier::Observe(nsISupports*, char const*, char16_t const*) (this=<optimized out>, aSubject=<optimized out>, aTopic=0x7f2d96512d98 "app-startup", someData=<optimized out>) at /home/wcpan/local/src/firefox/embedding/components/appstartup/nsAppStartupNotifier.cpp:71
#54 0x00007f2d9516392c in XREMain::XRE_mainRun() (this=this@entry=0x7ffc5d6fc130) at /home/wcpan/local/src/firefox/toolkit/xre/nsAppRunner.cpp:4071
#55 0x00007f2d95164a05 in XREMain::XRE_main(int, char**, nsXREAppData const*) (this=this@entry=0x7ffc5d6fc130, argc=argc@entry=4, argv=argv@entry=0x7ffc5d6fd528, aAppData=aAppData@entry=0x7ffc5d6fc340) at /home/wcpan/local/src/firefox/toolkit/xre/nsAppRunner.cpp:4451
#56 0x00007f2d95164cbe in XRE_main(int, char**, nsXREAppData const*, uint32_t) (argc=4, argv=0x7ffc5d6fd528, aAppData=0x7ffc5d6fc340, aFlags=<optimized out>)
    at /home/wcpan/local/src/firefox/toolkit/xre/nsAppRunner.cpp:4542
#57 0x00000000004056b7 in do_main(int, char**, char**, nsIFile*) (argc=argc@entry=4, argv=argv@entry=0x7ffc5d6fd528, envp=envp@entry=0x7ffc5d6fd550, xreDirectory=0x7f2da144aa80)
    at /home/wcpan/local/src/firefox/browser/app/nsBrowserApp.cpp:259
#58 0x0000000000404dc2 in main(int, char**, char**) (argc=4, argv=0x7ffc5d6fd528, envp=0x7ffc5d6fd550) at /home/wcpan/local/src/firefox/browser/app/nsBrowserApp.cpp:392
```

Registers in firefox:

```
rax            0xffffffffffffffda       -38
rbx            0x7ffc5d6f9268   140721876079208
rcx            0xffffffffffffffff       -1
rdx            0x7f2da1500048   139833956630600
rsi            0x80800  526336
rdi            0x0      0
rbp            0x122    0x122
rsp            0x7ffc5d6f9108   0x7ffc5d6f9108
r8             0x0      0
r9             0x68000000       1744830464
r10            0x8      8
r11            0x246    582
r12            0x0      0
r13            0xc0     192
r14            0x7f2d9ca77b6c   139833878477676
r15            0x0      0
rip            0x70000002       0x70000002
eflags         0x246    [ PF ZF IF ]
cs             0x33     51
ss             0x2b     43
ds             0x0      0
es             0x0      0
fs             0x0      0
gs             0x0      0
```

RR_LOG

```
[Task] going into blocking waitpid(26065) ...
[Task]   waitpid(26065) returns 26065; status 0x7057f (PTRACE_EVENT_SECCOMP)
[Task]   (refreshing register cache)
[Scheduler]   new status is 0x7057f (PTRACE_EVENT_SECCOMP)
[RecordSession] trace time 3058: Active task is 26065. Events:
[RecordSession]   26065: handle_ptrace_event PTRACE_EVENT_SECCOMP: event (none)
[RecordSession]   traced syscall entered: statfs
[RecordSession] EXEC_START: status=0x7057f (PTRACE_EVENT_SECCOMP)
[RecordTask]   is syscall interruption of recorded (none)? (now statfs)
[Task] resuming execution of 26065 with PTRACE_SYSCALL
[Scheduler] Scheduling next task
[Scheduler]   (26065 is un-switchable at (none))
[Scheduler]   and running; waiting for state change
[Task] going into blocking waitpid(26065) ...
[Task]   waitpid(26065) returns 26065; status 0x857f (SYSCALL)
[Task]   (refreshing register cache)
[Scheduler]   new status is 0x857f (SYSCALL)
[RecordSession] trace time 3058: Active task is 26065. Events:
[RecordTask]   is syscall interruption of recorded (none)? (now statfs)
[RecordTask] Syscallbuf flushed with num_rec_bytes=1088
[RecordSession] EXEC_SYSCALL_ENTRY: status=0x857f (SYSCALL)
[RecordTask] Syscallbuf reset
[RecordSession] after cont: status=0x857f (SYSCALL)
[RecordSession] EXEC_START: status=0x857f (SYSCALL)
[RecordTask]   is syscall interruption of recorded SYSCALL: statfs? (now statfs)
[Task] resuming execution of 26065 with PTRACE_SYSCALL
[Scheduler] Scheduling next task
[Scheduler]   (26065 is un-switchable at SYSCALL: statfs)
[Scheduler]   and running; waiting for state change
[Task] going into blocking waitpid(26065) ...
[Task]   waitpid(26065) returns 26065; status 0x857f (SYSCALL)
[Task]   (refreshing register cache)
[Scheduler]   new status is 0x857f (SYSCALL)
[RecordSession] trace time 3061: Active task is 26065. Events:
[RecordSession] EXEC_IN_SYSCALL: status=0x857f (SYSCALL)
[Scheduler] Scheduling next task
[Scheduler]   (26065 is un-switchable at SYSCALL: statfs)
[RecordSession] trace time 3061: Active task is 26065. Events:
[RecordSession] EXEC_SYSCALL_DONE: status=0x857f (SYSCALL)
[RecordSession]   original_syscallno:137 (statfs); return val:0
[record_syscall] 26065: processing: SYSCALL: statfs -- time: 3061
[Scheduler] Scheduling next task
[Scheduler]   26065 isn't blocked
[Scheduler]   Carrying on with task 26065
[RecordSession] trace time 3062: Active task is 26065. Events:
[RecordSession] EXEC_START: status=0x857f (SYSCALL)
[RecordTask]   is syscall interruption of recorded (none)? (now statfs)
[Task] resuming execution of 26065 with PTRACE_CONT
[Scheduler] Scheduling next task
[Scheduler]   (26065 is un-switchable at (none))
[Scheduler]   and running; waiting for state change
[Task] going into blocking waitpid(26065) ...
[Task]   waitpid(26065) returns 26065; status 0x7057f (PTRACE_EVENT_SECCOMP)
[Task]   (refreshing register cache)
[Scheduler]   new status is 0x7057f (PTRACE_EVENT_SECCOMP)
[RecordSession] trace time 3062: Active task is 26065. Events:
[RecordSession]   26065: handle_ptrace_event PTRACE_EVENT_SECCOMP: event (none)
[RecordSession]   traced syscall entered: inotify_init1
[RecordSession] EXEC_START: status=0x7057f (PTRACE_EVENT_SECCOMP)
[RecordTask]   is syscall interruption of recorded (none)? (now inotify_init1)
[Task] resuming execution of 26065 with PTRACE_SYSCALL
[Scheduler] Scheduling next task
[Scheduler]   (26065 is un-switchable at (none))
[Scheduler]   and running; waiting for state change
[Task] going into blocking waitpid(26065) ...
[Task]   waitpid(26065) returns 26065; status 0x857f (SYSCALL)
[Task]   (refreshing register cache)
[Scheduler]   new status is 0x857f (SYSCALL)
[RecordSession] trace time 3062: Active task is 26065. Events:
[RecordTask]   is syscall interruption of recorded (none)? (now inotify_init1)
[RecordTask] Syscallbuf flushed with num_rec_bytes=48
[Monkeypatcher] Patched syscall at 0x7f83fc6f6067 syscall inotify_init1 tid 26065 bytes 0x48 0x3d 0x1 0xf0 0xff 0xff
[Task] exit_syscall_and_prepare_restart from syscall inotify_init1
[Task] resuming execution of 26065 with PTRACE_SYSCALL
[Task] going into blocking waitpid(26065) ...
[Task]   waitpid(26065) returns 26065; status 0x857f (SYSCALL)
[Task]   (refreshing register cache)
[Task] exit_syscall_and_prepare_restart done
[AutoRemoteSyscalls] syscall mmap
[Task] resuming execution of 26065 with PTRACE_SYSCALL
[Task] going into blocking waitpid(26065) ...
[Task]   waitpid(26065) returns 26065; status 0x7057f (PTRACE_EVENT_SECCOMP)
[Task]   (refreshing register cache)
[Task] resuming execution of 26065 with PTRACE_SYSCALL
[Task] going into blocking waitpid(26065) ...
[Task]   waitpid(26065) returns 26065; status 0x857f (SYSCALL)
[Task]   (refreshing register cache)
[Task] resuming execution of 26065 with PTRACE_SYSCALL
[Task] going into blocking waitpid(26065) ...
[Task]   waitpid(26065) returns 26065; status 0x857f (SYSCALL)
[Task]   (refreshing register cache)
[AutoRemoteSyscalls] done, result=140204871233536
[AddressSpace] mmap(0x7f83fd8bb000, 4096, 0x5, 0x32, 0
[AddressSpace] munmap(0x7f83fd8bb000, 4096)
[AddressSpace]   mapping at 0x7f83fd8c0000 out of range, done.
[AddressSpace]   mapping 0x7f83fd8bb000-0x7f83fd8bc000 r-xp 00000000 00:00 0          
[AddressSpace]     (not adjacent in memory)
[AddressSpace]     (not adjacent in memory)
[AddressSpace]   no mappings to coalesce
[RecordTask] Syscallbuf reset
[RecordSession] EXEC_START: status=0x857f (SYSCALL)
[RecordTask]   is syscall interruption of recorded (none)? (now <unknown-syscall--1>)
[Task] resuming execution of 26065 with PTRACE_CONT
[Scheduler] Scheduling next task
[Scheduler]   (26065 is un-switchable at (none))
[Scheduler]   and running; waiting for state change
[Task] going into blocking waitpid(26065) ...
[Task]   waitpid(26065) returns 26065; status 0x7057f (PTRACE_EVENT_SECCOMP)
[Task]   (refreshing register cache)
[Scheduler]   new status is 0x7057f (PTRACE_EVENT_SECCOMP)
[RecordSession] trace time 3065: Active task is 26065. Events:
[RecordSession]   26065: handle_ptrace_event PTRACE_EVENT_SECCOMP: event (none)
[RecordSession]   traced syscall entered: inotify_init1
[RecordSession] EXEC_START: status=0x7057f (PTRACE_EVENT_SECCOMP)
[RecordTask]   is syscall interruption of recorded (none)? (now inotify_init1)
[Task] resuming execution of 26065 with PTRACE_SYSCALL
[Scheduler] Scheduling next task
[Scheduler]   (26065 is un-switchable at (none))
[Scheduler]   and running; waiting for state change
[Task] going into blocking waitpid(26065) ...
[Task]   waitpid(26065) returns 26065; status 0x857f (SYSCALL)
[Task]   (refreshing register cache)
[Scheduler]   new status is 0x857f (SYSCALL)
[RecordSession] trace time 3065: Active task is 26065. Events:
[RecordTask]   is syscall interruption of recorded (none)? (now inotify_init1)
[RecordSession] EXEC_SYSCALL_ENTRY: status=0x857f (SYSCALL)
[RecordSession] after cont: status=0x857f (SYSCALL)
[RecordSession] EXEC_START: status=0x857f (SYSCALL)
[RecordTask]   is syscall interruption of recorded SYSCALL: inotify_init1? (now inotify_init1)
[Task] resuming execution of 26065 with PTRACE_SYSCALL
[Scheduler] Scheduling next task
[Scheduler]   (26065 is un-switchable at SYSCALL: inotify_init1)
[Scheduler]   and running; waiting for state change
[Task] going into blocking waitpid(26065) ...
[Task]   waitpid(26065) returns 26065; status 0x857f (SYSCALL)
[Task]   (refreshing register cache)
[Scheduler]   new status is 0x857f (SYSCALL)
[RecordSession] trace time 3066: Active task is 26065. Events:
[RecordSession] EXEC_IN_SYSCALL: status=0x857f (SYSCALL)
[Scheduler] Scheduling next task
[Scheduler]   (26065 is un-switchable at SYSCALL: inotify_init1)
[RecordSession] trace time 3066: Active task is 26065. Events:
[RecordSession] EXEC_SYSCALL_DONE: status=0x857f (SYSCALL)
[RecordSession]   original_syscallno:294 (inotify_init1); return val:0x1a
[record_syscall] 26065: processing: SYSCALL: inotify_init1 -- time: 3066
[Scheduler] Scheduling next task
[Scheduler]   26065 isn't blocked
[Scheduler]   Carrying on with task 26065
[RecordSession] trace time 3067: Active task is 26065. Events:
[RecordSession] EXEC_START: status=0x857f (SYSCALL)
[RecordTask]   is syscall interruption of recorded (none)? (now inotify_init1)
[Task] resuming execution of 26065 with PTRACE_CONT
[Scheduler] Scheduling next task
[Scheduler]   (26065 is un-switchable at (none))
[Scheduler]   and running; waiting for state change
[Task] going into blocking waitpid(26065) ...
[Task]   waitpid(26065) returns 26065; status 0x7057f (PTRACE_EVENT_SECCOMP)
[Task]   (refreshing register cache)
[Scheduler]   new status is 0x7057f (PTRACE_EVENT_SECCOMP)
[RecordSession] trace time 3067: Active task is 26065. Events:
[RecordSession]   26065: handle_ptrace_event PTRACE_EVENT_SECCOMP: event (none)
[RecordSession]   traced syscall entered: rt_sigprocmask
[RecordSession] EXEC_START: status=0x7057f (PTRACE_EVENT_SECCOMP)
[RecordTask]   is syscall interruption of recorded (none)? (now rt_sigprocmask)
[Task] resuming execution of 26065 with PTRACE_SYSCALL
[Scheduler] Scheduling next task
[Scheduler]   (26065 is un-switchable at (none))
[Scheduler]   and running; waiting for state change
[Task] going into blocking waitpid(26065) ...
[Task]   waitpid(26065) returns 26065; status 0x857f (SYSCALL)
[Task]   (refreshing register cache)
[Scheduler]   new status is 0x857f (SYSCALL)
[RecordSession] trace time 3067: Active task is 26065. Events:
[RecordTask]   is syscall interruption of recorded (none)? (now rt_sigprocmask)
[RecordTask] Syscallbuf flushed with num_rec_bytes=32
[Monkeypatcher] Patched syscall at 0x7f83fd4592bf syscall rt_sigprocmask tid 26065 bytes 0x89 0xc2 0xf7 0xda 0x3d 0
[Task] exit_syscall_and_prepare_restart from syscall rt_sigprocmask
[Task] resuming execution of 26065 with PTRACE_SYSCALL
[Task] going into blocking waitpid(26065) ...
[Task]   waitpid(26065) returns 26065; status 0x857f (SYSCALL)
[Task]   (refreshing register cache)
[Task] exit_syscall_and_prepare_restart done
[RecordTask] Syscallbuf reset
[RecordSession] EXEC_START: status=0x857f (SYSCALL)
[RecordTask]   is syscall interruption of recorded (none)? (now <unknown-syscall--1>)
[Task] resuming execution of 26065 with PTRACE_CONT
[Scheduler] Scheduling next task
[Scheduler]   (26065 is un-switchable at (none))
[Scheduler]   and running; waiting for state change
[Task] going into blocking waitpid(26065) ...
[Task]   waitpid(26065) returns 26065; status 0x7057f (PTRACE_EVENT_SECCOMP)
[Task]   (refreshing register cache)
[Scheduler]   new status is 0x7057f (PTRACE_EVENT_SECCOMP)
[RecordSession] trace time 3070: Active task is 26065. Events:
[RecordSession]   26065: handle_ptrace_event PTRACE_EVENT_SECCOMP: event (none)
[RecordSession]   traced syscall entered: eventfd2
[FATAL /home/wcpan/local/src/rr/src/RecordTask.cc:1005:verify_signal_states() errno: SUCCESS] 
 (task 26065 (rec:26065) at time 3070)
 -> Assertion `!!(blocked & mask) == is_sig_blocked(i)' failed to hold. 
[INFO log_pending_events()] (no pending events)
[FATAL /home/wcpan/local/src/rr/src/log.cc:270:emergency_debug() errno: SUCCESS] (session doesn't look interactive, aborting emergency debugging)
```

**Comment by rocallahan** [comment]
What's the value of `i` in rr? Can you dump the values of `caught`, `mask` and `handlers->get(i)`?

**Comment by legnaleurc** [comment]
```
(gdb) p i
$6 = 9
(gdb) p caught
$7 = 66572010671
(gdb) p mask
$8 = 256
(gdb) p sighandlers->get(i)
$9 = (rr::Sighandler &) @0x1e6f980: {
  k_sa_handler = {
    ptr = 0
  }, 
  sa = std::vector of length 32, capacity 32 = {0 '\000', 0 '\000', 0 '\000', 0 '\000', 0 '\000', 0 '\000', 0 '\000', 0 '\000', 0 '\000', 0 '\000', 0 '\000', 0 '\000', 0 '\000', 0 '\000', 
    0 '\000', 0 '\000', 0 '\000', 0 '\000', 0 '\000', 0 '\000', 0 '\000', 0 '\000', 0 '\000', 0 '\000', 0 '\000', 0 '\000', 0 '\000', 0 '\000', 0 '\000', 0 '\000', 0 '\000', 0 '\000'}, 
  resethand = false, 
  takes_siginfo = false, 
  nodefer_set = false, 
  sa_mask = 0
}
```

**Comment by rocallahan** [comment]
Sorry about this ... I only just noticed that we don't define `DEBUG` in debug builds, so I never really ran tests with the signal state verifier enabled. Now that I've fixed that, there are some bugs I need to fix!

**Comment by rocallahan** [comment]
I have now pushed to master a number of fixes to signal-related issues, and properly enabled signal-state verification that passes all rr tests. So please try again --- your original problem may be fixed, and if not, we should get better data this time.

**Comment by legnaleurc** [comment]
Thanks!
For now debug build handles MOZ_CRASH correctly, but release build does not.

**Comment by rocallahan** [comment]
You mean debug build of rr, or debug build of Gecko? And what happens when the release build doesn't work?

**Comment by legnaleurc** [comment]
I mean builds of rr.
In debug build of rr, it can record tab crashes and I can interact with firefox after crash.
In release build of rr, it hangs: firefox is `t`, plugin-container is `D`.

**Comment by rocallahan** [comment]
Hmm. I tried running rr tests with an rr opt build (gcc 6.1.1) with `verify_signal_states` and they pass. Are you building rr with gcc or clang, and if so, which version? Can you try running the rr tests in an opt build with the early-return in `verify_signal_states` removed?

**Comment by legnaleurc** [comment]
`CMAKE_BUILD_TYPE=Debug`

```
99% tests passed, 8 tests failed out of 906

Total Test time (real) = 1651.01 sec

The following tests FAILED:
         55 - clone_newflags (Failed)
         56 - clone_newflags-no-syscallbuf (Failed)
        279 - proc_fds (Failed)
        280 - proc_fds-no-syscallbuf (Failed)
        659 - mutex_pi_stress (Failed)
        660 - mutex_pi_stress-no-syscallbuf (Failed)
        827 - post_exec_fpu_regs (Failed)
        828 - post_exec_fpu_regs-no-syscallbuf (Failed)
Errors while running CTest
Makefile:117: recipe for target 'test' failed
```

`CMAKE_BUILD_TYPE=Release`

```
99% tests passed, 8 tests failed out of 906

Total Test time (real) = 1855.97 sec

The following tests FAILED:
         55 - clone_newflags (Failed)
         56 - clone_newflags-no-syscallbuf (Failed)
        279 - proc_fds (Failed)
        280 - proc_fds-no-syscallbuf (Failed)
        659 - mutex_pi_stress (Failed)
        660 - mutex_pi_stress-no-syscallbuf (Failed)
        827 - post_exec_fpu_regs (Failed)
        828 - post_exec_fpu_regs-no-syscallbuf (Failed)
Errors while running CTest
Makefile:117: recipe for target 'test' failed
```

`CMAKE_BUILD_TYPE=Release` and remove the early return

```
99% tests passed, 8 tests failed out of 906

Total Test time (real) = 1491.54 sec

The following tests FAILED:
         55 - clone_newflags (Failed)
         56 - clone_newflags-no-syscallbuf (Failed)
        279 - proc_fds (Failed)
        280 - proc_fds-no-syscallbuf (Failed)
        659 - mutex_pi_stress (Failed)
        660 - mutex_pi_stress-no-syscallbuf (Failed)
        827 - post_exec_fpu_regs (Failed)
        828 - post_exec_fpu_regs-no-syscallbuf (Failed)
Errors while running CTest
Makefile:117: recipe for target 'test' failed
```

I'm using gcc 6.2.0

**Comment by rocallahan** [comment]
OK, that's not helpful for your main issue, although those tests failing is a worry. If you run a release build of rr, but with the early return in `verify_signal_states` removed, what happens if you try to reproduce your Firefox issue?

Can you paste somewhere the output of the failed rr tests?

Thanks!!!

**Comment by legnaleurc** [comment]
With the early return, rr(release build) works fine.

make test: http://pastebin.com/M2JiJUnD

**Comment by rocallahan** [comment]
> With the early return, rr(release build) works fine.

To confirm: are you saying that removing the early return to `verify_signal_states` makes rr release builds work with MOZ_CRASH in Firefox?

**Comment by rocallahan** [comment]
> make test: http://pastebin.com/M2JiJUnD

How about "make check"?

**Comment by legnaleurc** [comment]
> To confirm: are you saying that removing the early return to verify_signal_states makes rr release builds work with MOZ_CRASH in Firefox?

Oh, yes. I mean removing the early return makes release build rr works properly.

> How about "make check"?

http://pastebin.com/ABNHKRjp

**Comment by legnaleurc** [comment]
After some tests I think I need `reload_sigmask()` if `sig != handling_deterministic_signal`.

**Comment by rocallahan** [comment]
I'm not sure what exactly we need `reload_sigmask` for, but `RecordTask::clone` uses `blocked_sigs` without calling `reload_sigmask`. All the other uses look OK. I think we need to clean this up to prevent those sorts of bugs.

**Comment by rocallahan** [comment]
Could you try adding `reload_sigmask` to `RecordTask::clone` to see if that's the issue?

Meanwhile I'll try refactoring this a bit.

**Comment by legnaleurc** [comment]
> Could you try adding reload_sigmask to RecordTask::clone to see if that's the issue?

Adding `reload_sigmask` right before cloning (i.e. the first line in the function) works for me.

**Comment by rocallahan** [comment]
OK, so that's the bug! Hopefully my patch will fix it a bit more cleanly. Thanks for all the hard work!!!!

**Comment by rocallahan** [comment]
Filed https://github.com/mozilla/rr/issues/1823 to track those rr test failures.
